Using pre-set license
Built from '2022.3/staging' branch; Version is '2022.3.14f1 (eff2de9070d8) revision 15725278'; Using compiler version '192829333'; Build Type 'Release'
OS: 'Windows 10  (10.0.19045) 64bit Education' Language: 'ko' Physical Memory: 16318 MB
BatchMode: 1, IsHumanControllingUs: 0, StartBugReporterOnCrash: 0, Is64bit: 1, IsPro: 1

COMMAND LINE ARGUMENTS:
C:\Program Files\Unity\Hub\Editor\2022.3.14f1\Editor\Unity.exe
-adb2
-batchMode
-noUpm
-name
AssetImportWorker3
-projectPath
C:/Users/Administrator/Desktop/Weekend-Class/Game
-logFile
Logs/AssetImportWorker3.log
-srvPort
61500
Successfully changed project path to: C:/Users/Administrator/Desktop/Weekend-Class/Game
C:/Users/Administrator/Desktop/Weekend-Class/Game
[UnityMemory] Configuration Parameters - Can be set up in boot.config
    "memorysetup-bucket-allocator-granularity=16"
    "memorysetup-bucket-allocator-bucket-count=8"
    "memorysetup-bucket-allocator-block-size=33554432"
    "memorysetup-bucket-allocator-block-count=8"
    "memorysetup-main-allocator-block-size=16777216"
    "memorysetup-thread-allocator-block-size=16777216"
    "memorysetup-gfx-main-allocator-block-size=16777216"
    "memorysetup-gfx-thread-allocator-block-size=16777216"
    "memorysetup-cache-allocator-block-size=4194304"
    "memorysetup-typetree-allocator-block-size=2097152"
    "memorysetup-profiler-bucket-allocator-granularity=16"
    "memorysetup-profiler-bucket-allocator-bucket-count=8"
    "memorysetup-profiler-bucket-allocator-block-size=33554432"
    "memorysetup-profiler-bucket-allocator-block-count=8"
    "memorysetup-profiler-allocator-block-size=16777216"
    "memorysetup-profiler-editor-allocator-block-size=1048576"
    "memorysetup-temp-allocator-size-main=16777216"
    "memorysetup-job-temp-allocator-block-size=2097152"
    "memorysetup-job-temp-allocator-block-size-background=1048576"
    "memorysetup-job-temp-allocator-reduction-small-platforms=262144"
    "memorysetup-allocator-temp-initial-block-size-main=262144"
    "memorysetup-allocator-temp-initial-block-size-worker=262144"
    "memorysetup-temp-allocator-size-background-worker=32768"
    "memorysetup-temp-allocator-size-job-worker=262144"
    "memorysetup-temp-allocator-size-preload-manager=33554432"
    "memorysetup-temp-allocator-size-nav-mesh-worker=65536"
    "memorysetup-temp-allocator-size-audio-worker=65536"
    "memorysetup-temp-allocator-size-cloud-worker=32768"
    "memorysetup-temp-allocator-size-gi-baking-worker=262144"
    "memorysetup-temp-allocator-size-gfx=262144"
Player connection [17804] Host "[IP] 192.168.0.149 [Port] 0 [Flags] 2 [Guid] 1435950633 [EditorId] 1435950633 [Version] 1048832 [Id] WindowsEditor(7,DESKTOP-G7R323G) [Debug] 1 [PackageName] WindowsEditor [ProjectName] Editor" joined multi-casting on [225.0.0.222:54997]...

Player connection [17804] Host "[IP] 192.168.0.149 [Port] 0 [Flags] 2 [Guid] 1435950633 [EditorId] 1435950633 [Version] 1048832 [Id] WindowsEditor(7,DESKTOP-G7R323G) [Debug] 1 [PackageName] WindowsEditor [ProjectName] Editor" joined alternative multi-casting on [225.0.0.222:34997]...

[Physics::Module] Initialized MultithreadedJobDispatcher with 11 workers.
Refreshing native plugins compatible for Editor in 11.19 ms, found 3 plugins.
Preloading 0 native plugins for Editor in 0.00 ms.
Initialize engine version: 2022.3.14f1 (eff2de9070d8)
[Subsystems] Discovering subsystems at path C:/Program Files/Unity/Hub/Editor/2022.3.14f1/Editor/Data/Resources/UnitySubsystems
[Subsystems] Discovering subsystems at path C:/Users/Administrator/Desktop/Weekend-Class/Game/Assets
GfxDevice: creating device client; threaded=0; jobified=0
Direct3D:
    Version:  Direct3D 11.0 [level 11.1]
    Renderer: NVIDIA GeForce GTX 1660 (ID=0x2184)
    Vendor:   NVIDIA
    VRAM:     5980 MB
    Driver:   31.0.15.3623
Initialize mono
Mono path[0] = 'C:/Program Files/Unity/Hub/Editor/2022.3.14f1/Editor/Data/Managed'
Mono path[1] = 'C:/Program Files/Unity/Hub/Editor/2022.3.14f1/Editor/Data/MonoBleedingEdge/lib/mono/unityjit-win32'
Mono config path = 'C:/Program Files/Unity/Hub/Editor/2022.3.14f1/Editor/Data/MonoBleedingEdge/etc'
Using monoOptions --debugger-agent=transport=dt_socket,embedding=1,server=y,suspend=n,address=127.0.0.1:56704
Begin MonoManager ReloadAssembly
Registering precompiled unity dll's ...
Register platform support module: C:/Program Files/Unity/Hub/Editor/2022.3.14f1/Editor/Data/PlaybackEngines/WindowsStandaloneSupport/UnityEditor.WindowsStandalone.Extensions.dll
Registered in 0.010037 seconds.
- Loaded All Assemblies, in  0.405 seconds
Native extension for WindowsStandalone target not found
Mono: successfully reloaded assembly
- Finished resetting the current domain, in  0.297 seconds
Domain Reload Profiling: 700ms
	BeginReloadAssembly (131ms)
		ExecutionOrderSort (0ms)
		DisableScriptedObjects (0ms)
		BackupInstance (0ms)
		ReleaseScriptingObjects (0ms)
		CreateAndSetChildDomain (1ms)
	RebuildCommonClasses (38ms)
	RebuildNativeTypeToScriptingClass (11ms)
	initialDomainReloadingComplete (68ms)
	LoadAllAssembliesAndSetupDomain (155ms)
		LoadAssemblies (128ms)
		RebuildTransferFunctionScriptingTraits (0ms)
		AnalyzeDomain (153ms)
			TypeCache.Refresh (152ms)
				TypeCache.ScanAssembly (135ms)
			ScanForSourceGeneratedMonoScriptInfo (0ms)
			ResolveRequiredComponents (1ms)
	FinalizeReload (298ms)
		ReleaseScriptCaches (0ms)
		RebuildScriptCaches (0ms)
		SetupLoadedEditorAssemblies (230ms)
			LogAssemblyErrors (0ms)
			InitializePlatformSupportModulesInManaged (12ms)
			SetLoadedEditorAssemblies (9ms)
			RefreshPlugins (0ms)
			BeforeProcessingInitializeOnLoad (2ms)
			ProcessInitializeOnLoadAttributes (151ms)
			ProcessInitializeOnLoadMethodAttributes (55ms)
			AfterProcessingInitializeOnLoad (0ms)
			EditorAssembliesLoaded (0ms)
		ExecutionOrderSort2 (0ms)
		AwakeInstancesAfterBackupRestoration (0ms)
========================================================================
Worker process is ready to serve import requests
Begin MonoManager ReloadAssembly
- Loaded All Assemblies, in  0.748 seconds
Refreshing native plugins compatible for Editor in 3.25 ms, found 3 plugins.
Native extension for WindowsStandalone target not found
Package Manager log level set to [2]
[Package Manager] Server::EnsureServerProcessIsRunning -- launch failed, reason: Unity was launched with the -noUpm command-line argument
[Package Manager] UpmClient::Send -- Unable to send message (not connected to UPM process).
[Package Manager] Cannot connect to Unity Package Manager local server
Mono: successfully reloaded assembly
- Finished resetting the current domain, in  0.651 seconds
Domain Reload Profiling: 1396ms
	BeginReloadAssembly (191ms)
		ExecutionOrderSort (0ms)
		DisableScriptedObjects (9ms)
		BackupInstance (0ms)
		ReleaseScriptingObjects (0ms)
		CreateAndSetChildDomain (23ms)
	RebuildCommonClasses (38ms)
	RebuildNativeTypeToScriptingClass (11ms)
	initialDomainReloadingComplete (46ms)
	LoadAllAssembliesAndSetupDomain (459ms)
		LoadAssemblies (396ms)
		RebuildTransferFunctionScriptingTraits (0ms)
		AnalyzeDomain (182ms)
			TypeCache.Refresh (160ms)
				TypeCache.ScanAssembly (146ms)
			ScanForSourceGeneratedMonoScriptInfo (15ms)
			ResolveRequiredComponents (4ms)
	FinalizeReload (652ms)
		ReleaseScriptCaches (0ms)
		RebuildScriptCaches (0ms)
		SetupLoadedEditorAssemblies (486ms)
			LogAssemblyErrors (0ms)
			InitializePlatformSupportModulesInManaged (7ms)
			SetLoadedEditorAssemblies (4ms)
			RefreshPlugins (0ms)
			BeforeProcessingInitializeOnLoad (96ms)
			ProcessInitializeOnLoadAttributes (345ms)
			ProcessInitializeOnLoadMethodAttributes (23ms)
			AfterProcessingInitializeOnLoad (9ms)
			EditorAssembliesLoaded (1ms)
		ExecutionOrderSort2 (0ms)
		AwakeInstancesAfterBackupRestoration (9ms)
Launched and connected shader compiler UnityShaderCompiler.exe after 0.04 seconds
Refreshing native plugins compatible for Editor in 3.58 ms, found 3 plugins.
Preloading 0 native plugins for Editor in 0.00 ms.
Unloading 3083 Unused Serialized files (Serialized files now loaded: 0)
Unloading 32 unused Assets / (56.8 KB). Loaded Objects now: 3548.
Memory consumption went from 127.6 MB to 127.6 MB.
Total: 2.978700 ms (FindLiveObjects: 0.241100 ms CreateObjectMapping: 0.183000 ms MarkObjects: 2.470300 ms  DeleteObjects: 0.083600 ms)

AssetImportParameters requested are different than current active one (requested -> active):
  custom:container-demuxer-ogg: 62fdf1f143b41e24485cea50d1cbac27 -> 
  custom:scripting/monoscript/fileName/AnimatorManager.cs: 2c541ae7e741d38a01f0c5d0bf98e292 -> 
  custom:video-decoder-ogg-theora: a1e56fd34408186e4bbccfd4996cb3dc -> 
  custom:framework-win-MediaFoundation: 216162199b28c13a410421893ffa2e32 -> 
  custom:CustomObjectIndexerAttribute: 756ad292c208cfabdd7b50bc23989ffe -> 
  custom:container-demuxer-webm: 4f35f7cbe854078d1ac9338744f61a02 -> 
  custom:container-muxer-webm: aa71ff27fc2769a1b78a27578f13a17b -> 
  custom:video-decoder-webm-vp8: 9c59270c3fd7afecdb556c50c9e8de78 -> 
  custom:SearchIndexIgnoredProperties: e643bd26f0fe6173181afceb89e7c659 -> 
  custom:AudioImporter_EditorPlatform: d09bf68614088b80899f8185d706f6e7 -> 
  custom:scripting/monoscript/fileName/Cube.cs: 1e2bad7c218970a055fec33866548983 -> 
  custom:scripting/monoscript/fileName/SportsCar.cs: b06b582168833046feb2624d3f3ac454 -> 
  custom:scripting/monoscript/fileName/Controller.cs: 9ac834cf3508dd1b6236017959eb9876 -> 
  custom:video-encoder-webm-vp8: eb34c28f22e8b96e1ab97ce403110664 -> 
  custom:scripting/monoscript/fileName/Detector.cs: 2ee65d04e66ffb8f1be2a0b6b70067a6 -> 
  custom:audio-decoder-ogg-vorbis: bf7c407c2cedff20999df2af8eb42d56 -> 
  custom:audio-encoder-webm-vorbis: bf7c407c2cedff20999df2af8eb42d56 -> 
========================================================================
Received Import Request.
  Time since last request: 1752540.396560 seconds.
  path: Assets/Hovl Studio/Magic effects pack/Demo scene/Lightmap-0_comp_light.exr
  artifactKey: Guid(9960b70afbb00c1468c54c31462b736a) Importer(815301076,1909f56bfc062723c751e8b465ee728b)
Start importing Assets/Hovl Studio/Magic effects pack/Demo scene/Lightmap-0_comp_light.exr using Guid(9960b70afbb00c1468c54c31462b736a) Importer(815301076,1909f56bfc062723c751e8b465ee728b)  -> (artifact id: '39c76217efa6f5e5588f25f17653a9f2') in 0.121267 seconds
Number of updated asset objects reloaded before import = 0
Number of asset objects unloaded after import = 2
========================================================================
Received Import Request.
  Time since last request: 3.291289 seconds.
  path: Assets/Hovl Studio/Magic effects pack/Textures/Circle.png
  artifactKey: Guid(c4cf9c9f7cf52f6409ef75a08a4357ac) Importer(815301076,1909f56bfc062723c751e8b465ee728b)
Start importing Assets/Hovl Studio/Magic effects pack/Textures/Circle.png using Guid(c4cf9c9f7cf52f6409ef75a08a4357ac) Importer(815301076,1909f56bfc062723c751e8b465ee728b)  -> (artifact id: 'f5d33562ab17015d4e268fed10493f98') in 0.042524 seconds
Number of updated asset objects reloaded before import = 0
Number of asset objects unloaded after import = 2
========================================================================
Received Import Request.
  Time since last request: 0.000039 seconds.
  path: Assets/Hovl Studio/Magic effects pack/Textures/Star.png
  artifactKey: Guid(5cc658114b5abae49bce56d6c4ae3105) Importer(815301076,1909f56bfc062723c751e8b465ee728b)
Start importing Assets/Hovl Studio/Magic effects pack/Textures/Star.png using Guid(5cc658114b5abae49bce56d6c4ae3105) Importer(815301076,1909f56bfc062723c751e8b465ee728b)  -> (artifact id: 'ea6277623eefc8c1400c3a320ff8036f') in 0.049588 seconds
Number of updated asset objects reloaded before import = 0
Number of asset objects unloaded after import = 2
========================================================================
Received Import Request.
  Time since last request: 0.000032 seconds.
  path: Assets/Hovl Studio/Magic effects pack/Textures/Snowflake.png
  artifactKey: Guid(0e1a6a9f47773b7478bea4aee1a1b64e) Importer(815301076,1909f56bfc062723c751e8b465ee728b)
Start importing Assets/Hovl Studio/Magic effects pack/Textures/Snowflake.png using Guid(0e1a6a9f47773b7478bea4aee1a1b64e) Importer(815301076,1909f56bfc062723c751e8b465ee728b)  -> (artifact id: 'bec5a821f83ff3fc845c722589ffa496') in 0.028831 seconds
Number of updated asset objects reloaded before import = 0
Number of asset objects unloaded after import = 2
========================================================================
Received Import Request.
  Time since last request: 0.000032 seconds.
  path: Assets/Hovl Studio/Magic effects pack/Textures/Mask1.png
  artifactKey: Guid(c829f3f833484ac45b5b9150cb06631c) Importer(815301076,1909f56bfc062723c751e8b465ee728b)
Start importing Assets/Hovl Studio/Magic effects pack/Textures/Mask1.png using Guid(c829f3f833484ac45b5b9150cb06631c) Importer(815301076,1909f56bfc062723c751e8b465ee728b)  -> (artifact id: '6b6a09a589ab8ec01f3e93e85bb13b4d') in 0.048860 seconds
Number of updated asset objects reloaded before import = 0
Number of asset objects unloaded after import = 2
========================================================================
Received Import Request.
  Time since last request: 0.000024 seconds.
  path: Assets/Hovl Studio/Magic effects pack/Textures/Point1n.png
  artifactKey: Guid(5050511111526384094dd94bcde2676a) Importer(815301076,1909f56bfc062723c751e8b465ee728b)
Start importing Assets/Hovl Studio/Magic effects pack/Textures/Point1n.png using Guid(5050511111526384094dd94bcde2676a) Importer(815301076,1909f56bfc062723c751e8b465ee728b)  -> (artifact id: '11daa969c43074ef4f97daf5d88048b5') in 0.041612 seconds
Number of updated asset objects reloaded before import = 0
Number of asset objects unloaded after import = 2
========================================================================
Received Import Request.
  Time since last request: 0.000049 seconds.
  path: Assets/Hovl Studio/Magic effects pack/Textures/Gradient2.png
  artifactKey: Guid(2aef00c76b0b12740b0910319f11e6ab) Importer(815301076,1909f56bfc062723c751e8b465ee728b)
Start importing Assets/Hovl Studio/Magic effects pack/Textures/Gradient2.png using Guid(2aef00c76b0b12740b0910319f11e6ab) Importer(815301076,1909f56bfc062723c751e8b465ee728b)  -> (artifact id: 'bcbe43ed2674b30bebf4ed4323889993') in 0.045958 seconds
Number of updated asset objects reloaded before import = 0
Number of asset objects unloaded after import = 2
========================================================================
Received Import Request.
  Time since last request: 0.000016 seconds.
  path: Assets/Hovl Studio/Magic effects pack/Textures/Stone.png
  artifactKey: Guid(ad3c6deb60874964aa592b7f1458ac54) Importer(815301076,1909f56bfc062723c751e8b465ee728b)
Start importing Assets/Hovl Studio/Magic effects pack/Textures/Stone.png using Guid(ad3c6deb60874964aa592b7f1458ac54) Importer(815301076,1909f56bfc062723c751e8b465ee728b)  -> (artifact id: '0f6a0d77c5a8fb74d74488efd5b3a4f4') in 0.026042 seconds
Number of updated asset objects reloaded before import = 0
Number of asset objects unloaded after import = 2
========================================================================
Received Import Request.
  Time since last request: 0.000038 seconds.
  path: Assets/Hovl Studio/Magic effects pack/Textures/Concrete slab_Normal.png
  artifactKey: Guid(3a0dde7201a17f646865e8deeac56596) Importer(815301076,1909f56bfc062723c751e8b465ee728b)
Start importing Assets/Hovl Studio/Magic effects pack/Textures/Concrete slab_Normal.png using Guid(3a0dde7201a17f646865e8deeac56596) Importer(815301076,1909f56bfc062723c751e8b465ee728b)  -> (artifact id: 'b4f3e83e7985c8b367a1ad825519fd7f') in 0.042128 seconds
Number of updated asset objects reloaded before import = 0
Number of asset objects unloaded after import = 2
========================================================================
Received Import Request.
  Time since last request: 0.000039 seconds.
  path: Assets/Hovl Studio/Magic effects pack/Textures/Smoke26.png
  artifactKey: Guid(08b3912bdc0a5ed4d9a27125425a97f4) Importer(815301076,1909f56bfc062723c751e8b465ee728b)
Start importing Assets/Hovl Studio/Magic effects pack/Textures/Smoke26.png using Guid(08b3912bdc0a5ed4d9a27125425a97f4) Importer(815301076,1909f56bfc062723c751e8b465ee728b)  -> (artifact id: '9e67e78291b023e4a70e5a92f42a95b8') in 0.033021 seconds
Number of updated asset objects reloaded before import = 0
Number of asset objects unloaded after import = 2
========================================================================
Received Import Request.
  Time since last request: 0.000046 seconds.
  path: Assets/Hovl Studio/Magic effects pack/Textures/Trail67.png
  artifactKey: Guid(c4f655f5d01f55547a23a546b58afd04) Importer(815301076,1909f56bfc062723c751e8b465ee728b)
Start importing Assets/Hovl Studio/Magic effects pack/Textures/Trail67.png using Guid(c4f655f5d01f55547a23a546b58afd04) Importer(815301076,1909f56bfc062723c751e8b465ee728b)  -> (artifact id: '33e79cb7e92e9dbd69fb4446c668eac9') in 0.029902 seconds
Number of updated asset objects reloaded before import = 0
Number of asset objects unloaded after import = 2
========================================================================
Received Import Request.
  Time since last request: 0.000026 seconds.
  path: Assets/Hovl Studio/Magic effects pack/Textures/MagicCircle.png
  artifactKey: Guid(3dce5bac285284a46b6cf77e52dfcd98) Importer(815301076,1909f56bfc062723c751e8b465ee728b)
Start importing Assets/Hovl Studio/Magic effects pack/Textures/MagicCircle.png using Guid(3dce5bac285284a46b6cf77e52dfcd98) Importer(815301076,1909f56bfc062723c751e8b465ee728b)  -> (artifact id: 'cb193ca494ee7c24bbac9923ab2a8a49') in 0.024802 seconds
Number of updated asset objects reloaded before import = 0
Number of asset objects unloaded after import = 2
========================================================================
Received Import Request.
  Time since last request: 0.000042 seconds.
  path: Assets/Hovl Studio/Magic effects pack/Textures/TechCircle.png
  artifactKey: Guid(f49c2983d1fe900459a7d5e3d29317a3) Importer(815301076,1909f56bfc062723c751e8b465ee728b)
Start importing Assets/Hovl Studio/Magic effects pack/Textures/TechCircle.png using Guid(f49c2983d1fe900459a7d5e3d29317a3) Importer(815301076,1909f56bfc062723c751e8b465ee728b)  -> (artifact id: '334d596bd6522405bcb6f37b87905d95') in 0.028105 seconds
Number of updated asset objects reloaded before import = 0
Number of asset objects unloaded after import = 2
========================================================================
Received Import Request.
  Time since last request: 0.000022 seconds.
  path: Assets/Hovl Studio/Magic effects pack/Textures/Circle2.png
  artifactKey: Guid(cb15b7c714c56904eb8628c669fd8aa7) Importer(815301076,1909f56bfc062723c751e8b465ee728b)
Start importing Assets/Hovl Studio/Magic effects pack/Textures/Circle2.png using Guid(cb15b7c714c56904eb8628c669fd8aa7) Importer(815301076,1909f56bfc062723c751e8b465ee728b)  -> (artifact id: '7bbc583705da758f836724ea399f83d8') in 0.028735 seconds
Number of updated asset objects reloaded before import = 0
Number of asset objects unloaded after import = 2
========================================================================
Received Import Request.
  Time since last request: 0.000020 seconds.
  path: Assets/Hovl Studio/Magic effects pack/Textures/Crack.png
  artifactKey: Guid(df140764cd277ab4591e380324386729) Importer(815301076,1909f56bfc062723c751e8b465ee728b)
Start importing Assets/Hovl Studio/Magic effects pack/Textures/Crack.png using Guid(df140764cd277ab4591e380324386729) Importer(815301076,1909f56bfc062723c751e8b465ee728b)  -> (artifact id: '5ee5884ee359469848ec1da2d255534a') in 0.029496 seconds
Number of updated asset objects reloaded before import = 0
Number of asset objects unloaded after import = 2
Editor requested this worker to shutdown with reason: Scaling down because of idle timeout
TcpMessagingSession - receive error: operation aborted. errorcode: 995, details: 스레드 종료 또는 응용 프로그램 요청 때문에 I/O 작업이 취소되었습니다.
AssetImportWorker is now disconnected from the server
Process exiting
Exiting without the bug reporter. Application will terminate with return code 0