Using pre-set license
Built from '2021.3/staging' branch; Version is '2021.3.14f1 (eee1884e7226) revision 15655304'; Using compiler version '192829333'; Build Type 'Release'
OS: 'Windows 10  (10.0.19045) 64bit Education' Language: 'ko' Physical Memory: 16318 MB
BatchMode: 1, IsHumanControllingUs: 0, StartBugReporterOnCrash: 0, Is64bit: 1, IsPro: 1

COMMAND LINE ARGUMENTS:
C:\Program Files\Unity\Hub\Editor\2021.3.14f1\Editor\Unity.exe
-adb2
-batchMode
-noUpm
-name
AssetImportWorker3
-projectPath
C:/Users/Administrator/Desktop/Unity-4th-class/Special Forces
-logFile
Logs/AssetImportWorker3.log
-srvPort
54662
Successfully changed project path to: C:/Users/Administrator/Desktop/Unity-4th-class/Special Forces
C:/Users/Administrator/Desktop/Unity-4th-class/Special Forces
[UnityMemory] Configuration Parameters - Can be set up in boot.config
    "memorysetup-bucket-allocator-granularity=16"
    "memorysetup-bucket-allocator-bucket-count=8"
    "memorysetup-bucket-allocator-block-size=33554432"
    "memorysetup-bucket-allocator-block-count=8"
    "memorysetup-main-allocator-block-size=16777216"
    "memorysetup-thread-allocator-block-size=16777216"
    "memorysetup-gfx-main-allocator-block-size=16777216"
    "memorysetup-gfx-thread-allocator-block-size=16777216"
    "memorysetup-cache-allocator-block-size=4194304"
    "memorysetup-typetree-allocator-block-size=2097152"
    "memorysetup-profiler-bucket-allocator-granularity=16"
    "memorysetup-profiler-bucket-allocator-bucket-count=8"
    "memorysetup-profiler-bucket-allocator-block-size=33554432"
    "memorysetup-profiler-bucket-allocator-block-count=8"
    "memorysetup-profiler-allocator-block-size=16777216"
    "memorysetup-profiler-editor-allocator-block-size=1048576"
    "memorysetup-temp-allocator-size-main=16777216"
    "memorysetup-job-temp-allocator-block-size=2097152"
    "memorysetup-job-temp-allocator-block-size-background=1048576"
    "memorysetup-job-temp-allocator-reduction-small-platforms=262144"
    "memorysetup-temp-allocator-size-background-worker=32768"
    "memorysetup-temp-allocator-size-job-worker=262144"
    "memorysetup-temp-allocator-size-preload-manager=33554432"
    "memorysetup-temp-allocator-size-nav-mesh-worker=65536"
    "memorysetup-temp-allocator-size-audio-worker=65536"
    "memorysetup-temp-allocator-size-cloud-worker=32768"
    "memorysetup-temp-allocator-size-gi-baking-worker=262144"
    "memorysetup-temp-allocator-size-gfx=262144"
Refreshing native plugins compatible for Editor in 121.47 ms, found 4 plugins.
Preloading 0 native plugins for Editor in 0.00 ms.
Initialize engine version: 2021.3.14f1 (eee1884e7226)
[Subsystems] Discovering subsystems at path C:/Program Files/Unity/Hub/Editor/2021.3.14f1/Editor/Data/Resources/UnitySubsystems
[Subsystems] Discovering subsystems at path C:/Users/Administrator/Desktop/Unity-4th-class/Special Forces/Assets
GfxDevice: creating device client; threaded=0; jobified=0
Direct3D:
    Version:  Direct3D 11.0 [level 11.1]
    Renderer: NVIDIA GeForce GTX 1660 (ID=0x2184)
    Vendor:   NVIDIA
    VRAM:     5980 MB
    Driver:   31.0.15.3623
Initialize mono
Mono path[0] = 'C:/Program Files/Unity/Hub/Editor/2021.3.14f1/Editor/Data/Managed'
Mono path[1] = 'C:/Program Files/Unity/Hub/Editor/2021.3.14f1/Editor/Data/MonoBleedingEdge/lib/mono/unityjit-win32'
Mono config path = 'C:/Program Files/Unity/Hub/Editor/2021.3.14f1/Editor/Data/MonoBleedingEdge/etc'
Using monoOptions --debugger-agent=transport=dt_socket,embedding=1,server=y,suspend=n,address=127.0.0.1:56900
Begin MonoManager ReloadAssembly
Registering precompiled unity dll's ...
Register platform support module: C:/Program Files/Unity/Hub/Editor/2021.3.14f1/Editor/Data/PlaybackEngines/AndroidPlayer/UnityEditor.Android.Extensions.dll
Register platform support module: C:/Program Files/Unity/Hub/Editor/2021.3.14f1/Editor/Data/PlaybackEngines/WindowsStandaloneSupport/UnityEditor.WindowsStandalone.Extensions.dll
Registered in 0.008712 seconds.
Native extension for WindowsStandalone target not found
Native extension for Android target not found
Refreshing native plugins compatible for Editor in 105.39 ms, found 4 plugins.
Preloading 0 native plugins for Editor in 0.00 ms.
Mono: successfully reloaded assembly
- Completed reload, in  0.695 seconds
Domain Reload Profiling:
	ReloadAssembly (695ms)
		BeginReloadAssembly (77ms)
			ExecutionOrderSort (0ms)
			DisableScriptedObjects (0ms)
			BackupInstance (0ms)
			ReleaseScriptingObjects (0ms)
			CreateAndSetChildDomain (1ms)
		EndReloadAssembly (507ms)
			LoadAssemblies (75ms)
			RebuildTransferFunctionScriptingTraits (0ms)
			SetupTypeCache (108ms)
			ReleaseScriptCaches (0ms)
			RebuildScriptCaches (36ms)
			SetupLoadedEditorAssemblies (307ms)
				LogAssemblyErrors (0ms)
				InitializePlatformSupportModulesInManaged (54ms)
				SetLoadedEditorAssemblies (0ms)
				RefreshPlugins (105ms)
				BeforeProcessingInitializeOnLoad (1ms)
				ProcessInitializeOnLoadAttributes (98ms)
				ProcessInitializeOnLoadMethodAttributes (48ms)
				AfterProcessingInitializeOnLoad (0ms)
				EditorAssembliesLoaded (0ms)
			ExecutionOrderSort2 (0ms)
			AwakeInstancesAfterBackupRestoration (0ms)
Platform modules already initialized, skipping
Registering precompiled user dll's ...
Registered in 0.008513 seconds.
Begin MonoManager ReloadAssembly
Symbol file LoadedFromMemory doesn't match image C:\Users\Administrator\Desktop\Unity-4th-class\Special Forces\Library\PackageCache\com.unity.visualscripting@1.7.8\Editor\VisualScripting.Core\Dependencies\YamlDotNet\Unity.VisualScripting.YamlDotNet.dll
Symbol file LoadedFromMemory doesn't match image C:\Users\Administrator\Desktop\Unity-4th-class\Special Forces\Library\PackageCache\com.unity.visualscripting@1.7.8\Editor\VisualScripting.Core\Dependencies\DotNetZip\Unity.VisualScripting.IonicZip.dll
Native extension for WindowsStandalone target not found
Native extension for Android target not found
Refreshing native plugins compatible for Editor in 102.85 ms, found 4 plugins.
Preloading 0 native plugins for Editor in 0.00 ms.
Mono: successfully reloaded assembly
- Completed reload, in  1.297 seconds
Domain Reload Profiling:
	ReloadAssembly (1298ms)
		BeginReloadAssembly (219ms)
			ExecutionOrderSort (0ms)
			DisableScriptedObjects (6ms)
			BackupInstance (0ms)
			ReleaseScriptingObjects (0ms)
			CreateAndSetChildDomain (127ms)
		EndReloadAssembly (969ms)
			LoadAssemblies (92ms)
			RebuildTransferFunctionScriptingTraits (0ms)
			SetupTypeCache (237ms)
			ReleaseScriptCaches (1ms)
			RebuildScriptCaches (69ms)
			SetupLoadedEditorAssemblies (523ms)
				LogAssemblyErrors (0ms)
				InitializePlatformSupportModulesInManaged (14ms)
				SetLoadedEditorAssemblies (0ms)
				RefreshPlugins (103ms)
				BeforeProcessingInitializeOnLoad (118ms)
				ProcessInitializeOnLoadAttributes (238ms)
				ProcessInitializeOnLoadMethodAttributes (40ms)
				AfterProcessingInitializeOnLoad (10ms)
				EditorAssembliesLoaded (0ms)
			ExecutionOrderSort2 (0ms)
			AwakeInstancesAfterBackupRestoration (7ms)
Platform modules already initialized, skipping
========================================================================
Worker process is ready to serve import requests
Launched and connected shader compiler UnityShaderCompiler.exe after 0.04 seconds
Refreshing native plugins compatible for Editor in 0.88 ms, found 4 plugins.
Preloading 0 native plugins for Editor in 0.00 ms.
Unloading 4045 Unused Serialized files (Serialized files now loaded: 0)
Unloading 38 unused Assets / (56.4 KB). Loaded Objects now: 4504.
Memory consumption went from 155.6 MB to 155.6 MB.
Total: 3.661100 ms (FindLiveObjects: 0.322100 ms CreateObjectMapping: 0.236300 ms MarkObjects: 3.024500 ms  DeleteObjects: 0.077500 ms)

AssetImportParameters requested are different than current active one (requested -> active):
  custom:video-decoder-ogg-theora: a1e56fd34408186e4bbccfd4996cb3dc -> 
  custom:container-muxer-webm: aa71ff27fc2769a1b78a27578f13a17b -> 
  custom:container-demuxer-webm: 4f35f7cbe854078d1ac9338744f61a02 -> 
  custom:video-encoder-webm-vp8: eb34c28f22e8b96e1ab97ce403110664 -> 
  custom:audio-encoder-webm-vorbis: bf7c407c2cedff20999df2af8eb42d56 -> 
  custom:framework-win-MediaFoundation: 216162199b28c13a410421893ffa2e32 -> 
  custom:container-demuxer-ogg: 62fdf1f143b41e24485cea50d1cbac27 -> 
  custom:video-decoder-webm-vp8: 9c59270c3fd7afecdb556c50c9e8de78 -> 
  custom:audio-decoder-ogg-vorbis: bf7c407c2cedff20999df2af8eb42d56 -> 
========================================================================
Received Import Request.
  Time since last request: 31428.424346 seconds.
  path: Assets/Enemy Galore 1 - Pixel Art/Sprites/Bat/Bat_Death_FX.png
  artifactKey: Guid(02ad04bd8af738b44944e0203101294a) Importer(815301076,1909f56bfc062723c751e8b465ee728b)
Start importing Assets/Enemy Galore 1 - Pixel Art/Sprites/Bat/Bat_Death_FX.png using Guid(02ad04bd8af738b44944e0203101294a) Importer(815301076,1909f56bfc062723c751e8b465ee728b)  -> (artifact id: 'd3512bf2de81634ebb3c298e6ec825ab') in 0.138620 seconds 
========================================================================
Received Import Request.
  Time since last request: 17.824917 seconds.
  path: Assets/Enemy Galore 1 - Pixel Art/Sprites/Crab/Crab_AttackA_FX.png
  artifactKey: Guid(25f36137d1a3f58498a1e8c33a9589ed) Importer(815301076,1909f56bfc062723c751e8b465ee728b)
Start importing Assets/Enemy Galore 1 - Pixel Art/Sprites/Crab/Crab_AttackA_FX.png using Guid(25f36137d1a3f58498a1e8c33a9589ed) Importer(815301076,1909f56bfc062723c751e8b465ee728b)  -> (artifact id: '658cd06233254401a28c7c676ed62909') in 0.019708 seconds 
========================================================================
Received Import Request.
  Time since last request: 0.000038 seconds.
  path: Assets/Enemy Galore 1 - Pixel Art/Sprites/Crab/Crab_Death.png
  artifactKey: Guid(dfce3acb0e540424e86667982645eae1) Importer(815301076,1909f56bfc062723c751e8b465ee728b)
Start importing Assets/Enemy Galore 1 - Pixel Art/Sprites/Crab/Crab_Death.png using Guid(dfce3acb0e540424e86667982645eae1) Importer(815301076,1909f56bfc062723c751e8b465ee728b)  -> (artifact id: '503a6cdee4b9a5db5dfcb6840f0593e8') in 0.049470 seconds 
========================================================================
Received Import Request.
  Time since last request: 0.000032 seconds.
  path: Assets/Enemy Galore 1 - Pixel Art/Sprites/Crab/Crab_AttackC.png
  artifactKey: Guid(7c8902e8ebea147499b68bcb3cd51ec4) Importer(815301076,1909f56bfc062723c751e8b465ee728b)
Start importing Assets/Enemy Galore 1 - Pixel Art/Sprites/Crab/Crab_AttackC.png using Guid(7c8902e8ebea147499b68bcb3cd51ec4) Importer(815301076,1909f56bfc062723c751e8b465ee728b)  -> (artifact id: 'a91a44452f1b69d63868c509aae43bfb') in 0.057892 seconds 
========================================================================
Received Import Request.
  Time since last request: 0.000058 seconds.
  path: Assets/Enemy Galore 1 - Pixel Art/Sprites/Crab/Crab_Idle.png
  artifactKey: Guid(25e3c3e2a286eee48bba19e8d339e062) Importer(815301076,1909f56bfc062723c751e8b465ee728b)
Start importing Assets/Enemy Galore 1 - Pixel Art/Sprites/Crab/Crab_Idle.png using Guid(25e3c3e2a286eee48bba19e8d339e062) Importer(815301076,1909f56bfc062723c751e8b465ee728b)  -> (artifact id: '80a621f2ae05b910557f15581716418c') in 0.019963 seconds 
========================================================================
Received Import Request.
  Time since last request: 0.000039 seconds.
  path: Assets/Enemy Galore 1 - Pixel Art/Sprites/Crab/Crab_AttackB_FX.png
  artifactKey: Guid(7a6711e9af0c1e348b01a758120343b6) Importer(815301076,1909f56bfc062723c751e8b465ee728b)
Start importing Assets/Enemy Galore 1 - Pixel Art/Sprites/Crab/Crab_AttackB_FX.png using Guid(7a6711e9af0c1e348b01a758120343b6) Importer(815301076,1909f56bfc062723c751e8b465ee728b)  -> (artifact id: '1dc7871640018dc4a76c5f9561684552') in 0.017271 seconds 
========================================================================
Received Import Request.
  Time since last request: 0.000023 seconds.
  path: Assets/Enemy Galore 1 - Pixel Art/Sprites/Crab/Crab_Hit.png
  artifactKey: Guid(dca5b4ee5fdccd944bc45a38dd6debfa) Importer(815301076,1909f56bfc062723c751e8b465ee728b)
Start importing Assets/Enemy Galore 1 - Pixel Art/Sprites/Crab/Crab_Hit.png using Guid(dca5b4ee5fdccd944bc45a38dd6debfa) Importer(815301076,1909f56bfc062723c751e8b465ee728b)  -> (artifact id: 'd001dfcc523a6aaaf82171d055042810') in 0.015742 seconds 
========================================================================
Received Import Request.
  Time since last request: 14.000872 seconds.
  path: Assets/Enemy Galore 1 - Pixel Art/Sprites/Golem/Golem_AttackB.png
  artifactKey: Guid(25a3186823579f342b2398d96f6e55a6) Importer(815301076,1909f56bfc062723c751e8b465ee728b)
Start importing Assets/Enemy Galore 1 - Pixel Art/Sprites/Golem/Golem_AttackB.png using Guid(25a3186823579f342b2398d96f6e55a6) Importer(815301076,1909f56bfc062723c751e8b465ee728b)  -> (artifact id: '31cb6ed6dc931b309f87e903048b1334') in 0.046381 seconds 
========================================================================
Received Import Request.
  Time since last request: 0.000030 seconds.
  path: Assets/Enemy Galore 1 - Pixel Art/Sprites/Golem/Golem_AttackB_FX.png
  artifactKey: Guid(71fbaea644ba05d4aa8532e4cb4b0f73) Importer(815301076,1909f56bfc062723c751e8b465ee728b)
Start importing Assets/Enemy Galore 1 - Pixel Art/Sprites/Golem/Golem_AttackB_FX.png using Guid(71fbaea644ba05d4aa8532e4cb4b0f73) Importer(815301076,1909f56bfc062723c751e8b465ee728b)  -> (artifact id: '9efeff05bd150d96d08fc661127cb855') in 0.043335 seconds 
========================================================================
Received Import Request.
  Time since last request: 0.000051 seconds.
  path: Assets/Enemy Galore 1 - Pixel Art/Sprites/Golem/Golem_Run.png
  artifactKey: Guid(5a72bf6a4f4357a4cb5405aaf6cdf3df) Importer(815301076,1909f56bfc062723c751e8b465ee728b)
Start importing Assets/Enemy Galore 1 - Pixel Art/Sprites/Golem/Golem_Run.png using Guid(5a72bf6a4f4357a4cb5405aaf6cdf3df) Importer(815301076,1909f56bfc062723c751e8b465ee728b)  -> (artifact id: '5d890ce87a08fbbe45aff63f560e7e08') in 0.043319 seconds 
========================================================================
Received Import Request.
  Time since last request: 0.000042 seconds.
  path: Assets/Enemy Galore 1 - Pixel Art/Sprites/Golem/Golem_DeathA.png
  artifactKey: Guid(d3cba21def3900e44a8969a6f3fa7931) Importer(815301076,1909f56bfc062723c751e8b465ee728b)
Start importing Assets/Enemy Galore 1 - Pixel Art/Sprites/Golem/Golem_DeathA.png using Guid(d3cba21def3900e44a8969a6f3fa7931) Importer(815301076,1909f56bfc062723c751e8b465ee728b)  -> (artifact id: '0c7ca7da617e78c29baeab0e79a85b64') in 0.047794 seconds 
========================================================================
Received Import Request.
  Time since last request: 0.000030 seconds.
  path: Assets/Enemy Galore 1 - Pixel Art/Sprites/Golem/Golem_AttackC.png
  artifactKey: Guid(6698b0b849edea54cb05f5307dec4a0e) Importer(815301076,1909f56bfc062723c751e8b465ee728b)
Start importing Assets/Enemy Galore 1 - Pixel Art/Sprites/Golem/Golem_AttackC.png using Guid(6698b0b849edea54cb05f5307dec4a0e) Importer(815301076,1909f56bfc062723c751e8b465ee728b)  -> (artifact id: 'f29635f84890f5a87fc8afe90c7ab676') in 0.020387 seconds 
========================================================================
Received Import Request.
  Time since last request: 0.000028 seconds.
  path: Assets/Enemy Galore 1 - Pixel Art/Sprites/Golem/Golem_Full.png
  artifactKey: Guid(74061816db95d48429e43602c667685d) Importer(815301076,1909f56bfc062723c751e8b465ee728b)
Start importing Assets/Enemy Galore 1 - Pixel Art/Sprites/Golem/Golem_Full.png using Guid(74061816db95d48429e43602c667685d) Importer(815301076,1909f56bfc062723c751e8b465ee728b)  -> (artifact id: 'b9a173d106ea125ea6f88ab08fb0ad3d') in 0.201153 seconds 
========================================================================
Received Import Request.
  Time since last request: 6.164573 seconds.
  path: Assets/Enemy Galore 1 - Pixel Art/Sprites/Pebble/Pebble_Hit.png
  artifactKey: Guid(3f2b9fa17f592fa4fb2597d22cfd6192) Importer(815301076,1909f56bfc062723c751e8b465ee728b)
Start importing Assets/Enemy Galore 1 - Pixel Art/Sprites/Pebble/Pebble_Hit.png using Guid(3f2b9fa17f592fa4fb2597d22cfd6192) Importer(815301076,1909f56bfc062723c751e8b465ee728b)  -> (artifact id: '2d6816553d9eee643721e512faf5eaca') in 0.018831 seconds 
========================================================================
Received Import Request.
  Time since last request: 0.000037 seconds.
  path: Assets/Enemy Galore 1 - Pixel Art/Sprites/Pebble/Pebble_Idle.png
  artifactKey: Guid(1237f579e0f6c154e8fb79d5d05d519d) Importer(815301076,1909f56bfc062723c751e8b465ee728b)
Start importing Assets/Enemy Galore 1 - Pixel Art/Sprites/Pebble/Pebble_Idle.png using Guid(1237f579e0f6c154e8fb79d5d05d519d) Importer(815301076,1909f56bfc062723c751e8b465ee728b)  -> (artifact id: '5c43975af1ab7924875285d7a83ab169') in 0.020628 seconds 
========================================================================
Received Import Request.
  Time since last request: 6.327353 seconds.
  path: Assets/Enemy Galore 1 - Pixel Art/Sprites/Rat/Rat_Death.png
  artifactKey: Guid(47ccfa2097f32dc48988cbecb76d03de) Importer(815301076,1909f56bfc062723c751e8b465ee728b)
Start importing Assets/Enemy Galore 1 - Pixel Art/Sprites/Rat/Rat_Death.png using Guid(47ccfa2097f32dc48988cbecb76d03de) Importer(815301076,1909f56bfc062723c751e8b465ee728b)  -> (artifact id: 'c2a121ee8a09530ee6edfe1f2d9c4075') in 0.022034 seconds 
========================================================================
Received Import Request.
  Time since last request: 0.000038 seconds.
  path: Assets/Enemy Galore 1 - Pixel Art/Sprites/Rat/Rat_Hit.png
  artifactKey: Guid(248ce9d57dcc13a419fe64dcfa5ab45a) Importer(815301076,1909f56bfc062723c751e8b465ee728b)
Start importing Assets/Enemy Galore 1 - Pixel Art/Sprites/Rat/Rat_Hit.png using Guid(248ce9d57dcc13a419fe64dcfa5ab45a) Importer(815301076,1909f56bfc062723c751e8b465ee728b)  -> (artifact id: '8746f0867742d941539faf22ff178e72') in 0.026246 seconds 
========================================================================
Received Import Request.
  Time since last request: 0.000030 seconds.
  path: Assets/Enemy Galore 1 - Pixel Art/Sprites/Rat/Rat_Idle.png
  artifactKey: Guid(bacb39275657a5c41b462455d80cd045) Importer(815301076,1909f56bfc062723c751e8b465ee728b)
Start importing Assets/Enemy Galore 1 - Pixel Art/Sprites/Rat/Rat_Idle.png using Guid(bacb39275657a5c41b462455d80cd045) Importer(815301076,1909f56bfc062723c751e8b465ee728b)  -> (artifact id: 'e2321a7aa84706c8525230cdf40d5cda') in 0.020046 seconds 
========================================================================
Received Import Request.
  Time since last request: 0.000043 seconds.
  path: Assets/Enemy Galore 1 - Pixel Art/Sprites/Rat/Rat_Full_FX.png
  artifactKey: Guid(644b5e0fc2845cd42961d91d1151e072) Importer(815301076,1909f56bfc062723c751e8b465ee728b)
Start importing Assets/Enemy Galore 1 - Pixel Art/Sprites/Rat/Rat_Full_FX.png using Guid(644b5e0fc2845cd42961d91d1151e072) Importer(815301076,1909f56bfc062723c751e8b465ee728b)  -> (artifact id: 'c68229949396cce1fc60b0b787442c9c') in 0.098974 seconds 
========================================================================
Received Import Request.
  Time since last request: 6.190282 seconds.
  path: Assets/Enemy Galore 1 - Pixel Art/Sprites/Reinforced Golem/Golem_Armor_AttackA.png
  artifactKey: Guid(38d9e19709461bc47bd5b6e570f9e4ed) Importer(815301076,1909f56bfc062723c751e8b465ee728b)
Start importing Assets/Enemy Galore 1 - Pixel Art/Sprites/Reinforced Golem/Golem_Armor_AttackA.png using Guid(38d9e19709461bc47bd5b6e570f9e4ed) Importer(815301076,1909f56bfc062723c751e8b465ee728b)  -> (artifact id: '82fbe64375f127a2b562360369e09330') in 0.060235 seconds 
========================================================================
Received Import Request.
  Time since last request: 0.000064 seconds.
  path: Assets/Enemy Galore 1 - Pixel Art/Sprites/Reinforced Golem/Golem_Armor_AttackC.png
  artifactKey: Guid(273d82119a8c53f4ba15c517f58e978f) Importer(815301076,1909f56bfc062723c751e8b465ee728b)
Start importing Assets/Enemy Galore 1 - Pixel Art/Sprites/Reinforced Golem/Golem_Armor_AttackC.png using Guid(273d82119a8c53f4ba15c517f58e978f) Importer(815301076,1909f56bfc062723c751e8b465ee728b)  -> (artifact id: '81b1ef165c06463a2d578ff90fc7123c') in 0.063095 seconds 
========================================================================
Received Import Request.
  Time since last request: 0.000033 seconds.
  path: Assets/Enemy Galore 1 - Pixel Art/Sprites/Reinforced Golem/Golem_Armor_Full.png
  artifactKey: Guid(d117b16d50b7bd645ab2f86da4e1f0bd) Importer(815301076,1909f56bfc062723c751e8b465ee728b)
Start importing Assets/Enemy Galore 1 - Pixel Art/Sprites/Reinforced Golem/Golem_Armor_Full.png using Guid(d117b16d50b7bd645ab2f86da4e1f0bd) Importer(815301076,1909f56bfc062723c751e8b465ee728b)  -> (artifact id: 'a6f0e9264f16886aa314273d31478893') in 0.181367 seconds 
========================================================================
Received Import Request.
  Time since last request: 8.162819 seconds.
  path: Assets/Enemy Galore 1 - Pixel Art/Sprites/Skull/Bones_SingleSkull_Fly.png
  artifactKey: Guid(711e7a3687098e244af170961d47210f) Importer(815301076,1909f56bfc062723c751e8b465ee728b)
Start importing Assets/Enemy Galore 1 - Pixel Art/Sprites/Skull/Bones_SingleSkull_Fly.png using Guid(711e7a3687098e244af170961d47210f) Importer(815301076,1909f56bfc062723c751e8b465ee728b)  -> (artifact id: '5bb0639a3fcb2b6a7c6146371d979115') in 0.038216 seconds 
========================================================================
Received Import Request.
  Time since last request: 0.000040 seconds.
  path: Assets/Enemy Galore 1 - Pixel Art/Sprites/Skull/Bones_SingleSkull_Full.png
  artifactKey: Guid(64ad96356e64fc144985f65a85bc99dd) Importer(815301076,1909f56bfc062723c751e8b465ee728b)
Start importing Assets/Enemy Galore 1 - Pixel Art/Sprites/Skull/Bones_SingleSkull_Full.png using Guid(64ad96356e64fc144985f65a85bc99dd) Importer(815301076,1909f56bfc062723c751e8b465ee728b)  -> (artifact id: 'ae1649db8a894ec90eb1499c093a44fd') in 0.093123 seconds 
========================================================================
Received Import Request.
  Time since last request: 10.159378 seconds.
  path: Assets/Enemy Galore 1 - Pixel Art/Sprites/Spiked Slime/Slime_Spiked_Death.png
  artifactKey: Guid(3cb946402d415fe43999271253e984e0) Importer(815301076,1909f56bfc062723c751e8b465ee728b)
Start importing Assets/Enemy Galore 1 - Pixel Art/Sprites/Spiked Slime/Slime_Spiked_Death.png using Guid(3cb946402d415fe43999271253e984e0) Importer(815301076,1909f56bfc062723c751e8b465ee728b)  -> (artifact id: '6e7b0374c69702240754dd4a702b922c') in 0.026280 seconds 
========================================================================
Received Import Request.
  Time since last request: 0.000033 seconds.
  path: Assets/Enemy Galore 1 - Pixel Art/Sprites/Spiked Slime/Slime_Spiked_Jump_FX.png
  artifactKey: Guid(457baa5169ec3724cb71901b1cfce7f4) Importer(815301076,1909f56bfc062723c751e8b465ee728b)
Start importing Assets/Enemy Galore 1 - Pixel Art/Sprites/Spiked Slime/Slime_Spiked_Jump_FX.png using Guid(457baa5169ec3724cb71901b1cfce7f4) Importer(815301076,1909f56bfc062723c751e8b465ee728b)  -> (artifact id: '3ffc4bd69ed3bde48bc7537664781f30') in 0.040330 seconds 
========================================================================
Received Import Request.
  Time since last request: 0.000025 seconds.
  path: Assets/Enemy Galore 1 - Pixel Art/Sprites/Spiked Slime/Slime_Spiked_Jump.png
  artifactKey: Guid(76d2d556ea7309948bc4da6efb5431b9) Importer(815301076,1909f56bfc062723c751e8b465ee728b)
Start importing Assets/Enemy Galore 1 - Pixel Art/Sprites/Spiked Slime/Slime_Spiked_Jump.png using Guid(76d2d556ea7309948bc4da6efb5431b9) Importer(815301076,1909f56bfc062723c751e8b465ee728b)  -> (artifact id: 'd7c0dbab619275741bf2424bc7fcab2e') in 0.038310 seconds 
========================================================================
Received Import Request.
  Time since last request: 0.000040 seconds.
  path: Assets/Enemy Galore 1 - Pixel Art/Sprites/Spiked Slime/Slime_Spiked_Run.png
  artifactKey: Guid(bbbae09279b66cb48b7d05525773c545) Importer(815301076,1909f56bfc062723c751e8b465ee728b)
Start importing Assets/Enemy Galore 1 - Pixel Art/Sprites/Spiked Slime/Slime_Spiked_Run.png using Guid(bbbae09279b66cb48b7d05525773c545) Importer(815301076,1909f56bfc062723c751e8b465ee728b)  -> (artifact id: '0ce62c693f967845bf5c94752cf974e1') in 0.028146 seconds 
Editor requested this worker to shutdown with reason: Scaling down because of idle timeout
AssetImportWorker is now disconnected from the server
Process exiting
Exiting without the bug reporter. Application will terminate with return code 0