Using pre-set license
Built from '2021.3/staging' branch; Version is '2021.3.14f1 (eee1884e7226) revision 15655304'; Using compiler version '192829333'; Build Type 'Release'
OS: 'Windows 10  (10.0.19045) 64bit Education' Language: 'ko' Physical Memory: 16318 MB
BatchMode: 1, IsHumanControllingUs: 0, StartBugReporterOnCrash: 0, Is64bit: 1, IsPro: 1

COMMAND LINE ARGUMENTS:
C:\Program Files\Unity\Hub\Editor\2021.3.14f1\Editor\Unity.exe
-adb2
-batchMode
-noUpm
-name
AssetImportWorker2
-projectPath
C:/Users/Administrator/Desktop/Special Forces
-logFile
Logs/AssetImportWorker2.log
-srvPort
54690
Successfully changed project path to: C:/Users/Administrator/Desktop/Special Forces
C:/Users/Administrator/Desktop/Special Forces
[UnityMemory] Configuration Parameters - Can be set up in boot.config
    "memorysetup-bucket-allocator-granularity=16"
    "memorysetup-bucket-allocator-bucket-count=8"
    "memorysetup-bucket-allocator-block-size=33554432"
    "memorysetup-bucket-allocator-block-count=8"
    "memorysetup-main-allocator-block-size=16777216"
    "memorysetup-thread-allocator-block-size=16777216"
    "memorysetup-gfx-main-allocator-block-size=16777216"
    "memorysetup-gfx-thread-allocator-block-size=16777216"
    "memorysetup-cache-allocator-block-size=4194304"
    "memorysetup-typetree-allocator-block-size=2097152"
    "memorysetup-profiler-bucket-allocator-granularity=16"
    "memorysetup-profiler-bucket-allocator-bucket-count=8"
    "memorysetup-profiler-bucket-allocator-block-size=33554432"
    "memorysetup-profiler-bucket-allocator-block-count=8"
    "memorysetup-profiler-allocator-block-size=16777216"
    "memorysetup-profiler-editor-allocator-block-size=1048576"
    "memorysetup-temp-allocator-size-main=16777216"
    "memorysetup-job-temp-allocator-block-size=2097152"
    "memorysetup-job-temp-allocator-block-size-background=1048576"
    "memorysetup-job-temp-allocator-reduction-small-platforms=262144"
    "memorysetup-temp-allocator-size-background-worker=32768"
    "memorysetup-temp-allocator-size-job-worker=262144"
    "memorysetup-temp-allocator-size-preload-manager=33554432"
    "memorysetup-temp-allocator-size-nav-mesh-worker=65536"
    "memorysetup-temp-allocator-size-audio-worker=65536"
    "memorysetup-temp-allocator-size-cloud-worker=32768"
    "memorysetup-temp-allocator-size-gi-baking-worker=262144"
    "memorysetup-temp-allocator-size-gfx=262144"
Refreshing native plugins compatible for Editor in 105.01 ms, found 4 plugins.
Preloading 0 native plugins for Editor in 0.00 ms.
Initialize engine version: 2021.3.14f1 (eee1884e7226)
[Subsystems] Discovering subsystems at path C:/Program Files/Unity/Hub/Editor/2021.3.14f1/Editor/Data/Resources/UnitySubsystems
[Subsystems] Discovering subsystems at path C:/Users/Administrator/Desktop/Special Forces/Assets
GfxDevice: creating device client; threaded=0; jobified=0
Direct3D:
    Version:  Direct3D 11.0 [level 11.1]
    Renderer: NVIDIA GeForce GTX 1660 (ID=0x2184)
    Vendor:   NVIDIA
    VRAM:     5980 MB
    Driver:   31.0.15.3623
Initialize mono
Mono path[0] = 'C:/Program Files/Unity/Hub/Editor/2021.3.14f1/Editor/Data/Managed'
Mono path[1] = 'C:/Program Files/Unity/Hub/Editor/2021.3.14f1/Editor/Data/MonoBleedingEdge/lib/mono/unityjit-win32'
Mono config path = 'C:/Program Files/Unity/Hub/Editor/2021.3.14f1/Editor/Data/MonoBleedingEdge/etc'
Using monoOptions --debugger-agent=transport=dt_socket,embedding=1,server=y,suspend=n,address=127.0.0.1:56808
Begin MonoManager ReloadAssembly
Registering precompiled unity dll's ...
Register platform support module: C:/Program Files/Unity/Hub/Editor/2021.3.14f1/Editor/Data/PlaybackEngines/AndroidPlayer/UnityEditor.Android.Extensions.dll
Register platform support module: C:/Program Files/Unity/Hub/Editor/2021.3.14f1/Editor/Data/PlaybackEngines/WindowsStandaloneSupport/UnityEditor.WindowsStandalone.Extensions.dll
Registered in 0.008773 seconds.
Native extension for WindowsStandalone target not found
Native extension for Android target not found
Refreshing native plugins compatible for Editor in 105.60 ms, found 4 plugins.
Preloading 0 native plugins for Editor in 0.00 ms.
Mono: successfully reloaded assembly
- Completed reload, in  0.696 seconds
Domain Reload Profiling:
	ReloadAssembly (697ms)
		BeginReloadAssembly (79ms)
			ExecutionOrderSort (0ms)
			DisableScriptedObjects (0ms)
			BackupInstance (0ms)
			ReleaseScriptingObjects (0ms)
			CreateAndSetChildDomain (1ms)
		EndReloadAssembly (501ms)
			LoadAssemblies (77ms)
			RebuildTransferFunctionScriptingTraits (0ms)
			SetupTypeCache (109ms)
			ReleaseScriptCaches (0ms)
			RebuildScriptCaches (30ms)
			SetupLoadedEditorAssemblies (306ms)
				LogAssemblyErrors (0ms)
				InitializePlatformSupportModulesInManaged (53ms)
				SetLoadedEditorAssemblies (0ms)
				RefreshPlugins (106ms)
				BeforeProcessingInitializeOnLoad (1ms)
				ProcessInitializeOnLoadAttributes (100ms)
				ProcessInitializeOnLoadMethodAttributes (46ms)
				AfterProcessingInitializeOnLoad (0ms)
				EditorAssembliesLoaded (0ms)
			ExecutionOrderSort2 (0ms)
			AwakeInstancesAfterBackupRestoration (0ms)
Platform modules already initialized, skipping
Registering precompiled user dll's ...
Registered in 0.008548 seconds.
Begin MonoManager ReloadAssembly
Symbol file LoadedFromMemory doesn't match image C:\Users\Administrator\Desktop\Special Forces\Library\PackageCache\com.unity.visualscripting@1.7.8\Editor\VisualScripting.Core\Dependencies\YamlDotNet\Unity.VisualScripting.YamlDotNet.dll
Symbol file LoadedFromMemory doesn't match image C:\Users\Administrator\Desktop\Special Forces\Library\PackageCache\com.unity.visualscripting@1.7.8\Editor\VisualScripting.Core\Dependencies\DotNetZip\Unity.VisualScripting.IonicZip.dll
Native extension for WindowsStandalone target not found
Native extension for Android target not found
Refreshing native plugins compatible for Editor in 114.29 ms, found 4 plugins.
Preloading 0 native plugins for Editor in 0.00 ms.
Mono: successfully reloaded assembly
- Completed reload, in  1.363 seconds
Domain Reload Profiling:
	ReloadAssembly (1364ms)
		BeginReloadAssembly (243ms)
			ExecutionOrderSort (0ms)
			DisableScriptedObjects (7ms)
			BackupInstance (0ms)
			ReleaseScriptingObjects (0ms)
			CreateAndSetChildDomain (136ms)
		EndReloadAssembly (997ms)
			LoadAssemblies (105ms)
			RebuildTransferFunctionScriptingTraits (0ms)
			SetupTypeCache (242ms)
			ReleaseScriptCaches (1ms)
			RebuildScriptCaches (70ms)
			SetupLoadedEditorAssemblies (534ms)
				LogAssemblyErrors (0ms)
				InitializePlatformSupportModulesInManaged (15ms)
				SetLoadedEditorAssemblies (0ms)
				RefreshPlugins (114ms)
				BeforeProcessingInitializeOnLoad (116ms)
				ProcessInitializeOnLoadAttributes (240ms)
				ProcessInitializeOnLoadMethodAttributes (39ms)
				AfterProcessingInitializeOnLoad (9ms)
				EditorAssembliesLoaded (0ms)
			ExecutionOrderSort2 (0ms)
			AwakeInstancesAfterBackupRestoration (7ms)
Platform modules already initialized, skipping
========================================================================
Worker process is ready to serve import requests
Launched and connected shader compiler UnityShaderCompiler.exe after 0.04 seconds
Refreshing native plugins compatible for Editor in 0.91 ms, found 4 plugins.
Preloading 0 native plugins for Editor in 0.00 ms.
Unloading 4043 Unused Serialized files (Serialized files now loaded: 0)
Unloading 38 unused Assets / (56.1 KB). Loaded Objects now: 4501.
Memory consumption went from 155.4 MB to 155.4 MB.
Total: 4.348400 ms (FindLiveObjects: 0.471600 ms CreateObjectMapping: 0.268500 ms MarkObjects: 3.524300 ms  DeleteObjects: 0.082400 ms)

AssetImportParameters requested are different than current active one (requested -> active):
  custom:video-decoder-ogg-theora: a1e56fd34408186e4bbccfd4996cb3dc -> 
  custom:container-muxer-webm: aa71ff27fc2769a1b78a27578f13a17b -> 
  custom:container-demuxer-webm: 4f35f7cbe854078d1ac9338744f61a02 -> 
  custom:video-encoder-webm-vp8: eb34c28f22e8b96e1ab97ce403110664 -> 
  custom:audio-encoder-webm-vorbis: bf7c407c2cedff20999df2af8eb42d56 -> 
  custom:framework-win-MediaFoundation: 216162199b28c13a410421893ffa2e32 -> 
  custom:container-demuxer-ogg: 62fdf1f143b41e24485cea50d1cbac27 -> 
  custom:video-decoder-webm-vp8: 9c59270c3fd7afecdb556c50c9e8de78 -> 
  custom:audio-decoder-ogg-vorbis: bf7c407c2cedff20999df2af8eb42d56 -> 
========================================================================
Received Import Request.
  Time since last request: 115667.287943 seconds.
  path: Assets/2D Character - Astronaut/Variant A/Sprites/Character/idle/side
  artifactKey: Guid(4e783566007f4124b89f1bef90ef9b22) Importer(815301076,1909f56bfc062723c751e8b465ee728b)
Start importing Assets/2D Character - Astronaut/Variant A/Sprites/Character/idle/side using Guid(4e783566007f4124b89f1bef90ef9b22) Importer(815301076,1909f56bfc062723c751e8b465ee728b)  -> (artifact id: '8967e67cda9eca28723dfff638521521') in 0.013728 seconds 
========================================================================
Received Import Request.
  Time since last request: 0.041757 seconds.
  path: Assets/2D Character - Astronaut/Variant A/Sprites/Character/idle/side/01.png
  artifactKey: Guid(ce7b3baa5bac4c5f908f345eea062c67) Importer(815301076,1909f56bfc062723c751e8b465ee728b)
Start importing Assets/2D Character - Astronaut/Variant A/Sprites/Character/idle/side/01.png using Guid(ce7b3baa5bac4c5f908f345eea062c67) Importer(815301076,1909f56bfc062723c751e8b465ee728b)  -> (artifact id: '6b5146610af422e6ab3488401dd8dbf0') in 0.166051 seconds 
========================================================================
Received Import Request.
  Time since last request: 0.000058 seconds.
  path: Assets/2D Character - Astronaut/Variant A/Sprites/Character/idle/side/05.png
  artifactKey: Guid(ceeea194e7cf4b12be558cdd76081c1f) Importer(815301076,1909f56bfc062723c751e8b465ee728b)
Start importing Assets/2D Character - Astronaut/Variant A/Sprites/Character/idle/side/05.png using Guid(ceeea194e7cf4b12be558cdd76081c1f) Importer(815301076,1909f56bfc062723c751e8b465ee728b)  -> (artifact id: '591889a0e7894453e33131a23f1ef14e') in 0.034126 seconds 
========================================================================
Received Import Request.
  Time since last request: 0.000049 seconds.
  path: Assets/2D Character - Astronaut/Variant A/Sprites/Character/idle/side/10.png
  artifactKey: Guid(068a63669a0c42afa363c0d2e15c16e4) Importer(815301076,1909f56bfc062723c751e8b465ee728b)
Start importing Assets/2D Character - Astronaut/Variant A/Sprites/Character/idle/side/10.png using Guid(068a63669a0c42afa363c0d2e15c16e4) Importer(815301076,1909f56bfc062723c751e8b465ee728b)  -> (artifact id: '4a064ba66e9d164149474e21db09c4b6') in 0.032253 seconds 
========================================================================
Received Import Request.
  Time since last request: 0.000031 seconds.
  path: Assets/2D Character - Astronaut/Variant A/Sprites/Character/idle/side/20.png
  artifactKey: Guid(1899291630fe48efa9e4f408997fa203) Importer(815301076,1909f56bfc062723c751e8b465ee728b)
Start importing Assets/2D Character - Astronaut/Variant A/Sprites/Character/idle/side/20.png using Guid(1899291630fe48efa9e4f408997fa203) Importer(815301076,1909f56bfc062723c751e8b465ee728b)  -> (artifact id: '627cbce30aae05bb3ff31cd626359488') in 0.035881 seconds 
========================================================================
Received Import Request.
  Time since last request: 0.000039 seconds.
  path: Assets/2D Character - Astronaut/Variant A/Sprites/Character/idle/side/04.png
  artifactKey: Guid(03cdf5a51fc048d4a38c2cf1ce7cb434) Importer(815301076,1909f56bfc062723c751e8b465ee728b)
Start importing Assets/2D Character - Astronaut/Variant A/Sprites/Character/idle/side/04.png using Guid(03cdf5a51fc048d4a38c2cf1ce7cb434) Importer(815301076,1909f56bfc062723c751e8b465ee728b)  -> (artifact id: 'ddbca164c10be8d6f9af20bad5e93892') in 0.031471 seconds 
========================================================================
Received Import Request.
  Time since last request: 3.920309 seconds.
  path: Assets/2D Character - Astronaut/Variant A/Sprites/Character/walk/side
  artifactKey: Guid(c29f7879ed7d46f0ac69fdaf559e25f6) Importer(815301076,1909f56bfc062723c751e8b465ee728b)
Start importing Assets/2D Character - Astronaut/Variant A/Sprites/Character/walk/side using Guid(c29f7879ed7d46f0ac69fdaf559e25f6) Importer(815301076,1909f56bfc062723c751e8b465ee728b)  -> (artifact id: 'be36dbf4bd9d794d0e2df9c93f9cf436') in 0.002316 seconds 
========================================================================
Received Import Request.
  Time since last request: 0.054180 seconds.
  path: Assets/2D Character - Astronaut/Variant A/Sprites/Character/walk/side/01.png
  artifactKey: Guid(2738b72dc29a4866a034d5ff27542500) Importer(815301076,1909f56bfc062723c751e8b465ee728b)
Start importing Assets/2D Character - Astronaut/Variant A/Sprites/Character/walk/side/01.png using Guid(2738b72dc29a4866a034d5ff27542500) Importer(815301076,1909f56bfc062723c751e8b465ee728b)  -> (artifact id: '39e1693a2824387434926fc088cd7b0b') in 0.024266 seconds 
========================================================================
Received Import Request.
  Time since last request: 0.000030 seconds.
  path: Assets/2D Character - Astronaut/Variant A/Sprites/Character/walk/side/06.png
  artifactKey: Guid(51fc168e8bb24216bb4a30aa9364c041) Importer(815301076,1909f56bfc062723c751e8b465ee728b)
Start importing Assets/2D Character - Astronaut/Variant A/Sprites/Character/walk/side/06.png using Guid(51fc168e8bb24216bb4a30aa9364c041) Importer(815301076,1909f56bfc062723c751e8b465ee728b)  -> (artifact id: '4d034b13f26aa34bbf2c7c21a1e9978b') in 0.024112 seconds 
========================================================================
Received Import Request.
  Time since last request: 0.000024 seconds.
  path: Assets/2D Character - Astronaut/Variant A/Sprites/Character/walk/side/13.png
  artifactKey: Guid(8a3592263c504db68fcd3bebb63ad038) Importer(815301076,1909f56bfc062723c751e8b465ee728b)
Start importing Assets/2D Character - Astronaut/Variant A/Sprites/Character/walk/side/13.png using Guid(8a3592263c504db68fcd3bebb63ad038) Importer(815301076,1909f56bfc062723c751e8b465ee728b)  -> (artifact id: '0015d9046f3e17e4c000ee2e0382ce36') in 0.027260 seconds 
========================================================================
Received Import Request.
  Time since last request: 0.000068 seconds.
  path: Assets/2D Character - Astronaut/Variant A/Sprites/Character/walk/side/08.png
  artifactKey: Guid(ff6a3e0181c3405a963ec2be4e2b65e9) Importer(815301076,1909f56bfc062723c751e8b465ee728b)
Start importing Assets/2D Character - Astronaut/Variant A/Sprites/Character/walk/side/08.png using Guid(ff6a3e0181c3405a963ec2be4e2b65e9) Importer(815301076,1909f56bfc062723c751e8b465ee728b)  -> (artifact id: '58156329f1d20f40d052cb1e9c845218') in 0.030135 seconds 
========================================================================
Received Import Request.
  Time since last request: 0.000037 seconds.
  path: Assets/2D Character - Astronaut/Variant A/Sprites/Character/walk/side/07.png
  artifactKey: Guid(5523b19d6a074b97b09bea1ed5323b93) Importer(815301076,1909f56bfc062723c751e8b465ee728b)
Start importing Assets/2D Character - Astronaut/Variant A/Sprites/Character/walk/side/07.png using Guid(5523b19d6a074b97b09bea1ed5323b93) Importer(815301076,1909f56bfc062723c751e8b465ee728b)  -> (artifact id: '6f4a2d3958fac4069ece812e0edcceb1') in 0.031492 seconds 
========================================================================
Received Import Request.
  Time since last request: 2.921283 seconds.
  path: Assets/2D Character - Astronaut/Variant A/Sprites/Character/walk/up/01.png
  artifactKey: Guid(ee9e4e5729f44bdb96ab1c8b7f3818f2) Importer(815301076,1909f56bfc062723c751e8b465ee728b)
Start importing Assets/2D Character - Astronaut/Variant A/Sprites/Character/walk/up/01.png using Guid(ee9e4e5729f44bdb96ab1c8b7f3818f2) Importer(815301076,1909f56bfc062723c751e8b465ee728b)  -> (artifact id: '54c2356867032a074aaaea52bbac5956') in 0.024773 seconds 
========================================================================
Received Import Request.
  Time since last request: 0.000038 seconds.
  path: Assets/2D Character - Astronaut/Variant A/Sprites/Character/walk/up/05.png
  artifactKey: Guid(03a958d249d0447dbdb7d9f88191adad) Importer(815301076,1909f56bfc062723c751e8b465ee728b)
Start importing Assets/2D Character - Astronaut/Variant A/Sprites/Character/walk/up/05.png using Guid(03a958d249d0447dbdb7d9f88191adad) Importer(815301076,1909f56bfc062723c751e8b465ee728b)  -> (artifact id: '334c08fbecfab128610dda90a04f50f7') in 0.035329 seconds 
========================================================================
Received Import Request.
  Time since last request: 0.000027 seconds.
  path: Assets/2D Character - Astronaut/Variant A/Sprites/Character/walk/up/12.png
  artifactKey: Guid(14aa1e3693274138a00d8509eb05a1ee) Importer(815301076,1909f56bfc062723c751e8b465ee728b)
Start importing Assets/2D Character - Astronaut/Variant A/Sprites/Character/walk/up/12.png using Guid(14aa1e3693274138a00d8509eb05a1ee) Importer(815301076,1909f56bfc062723c751e8b465ee728b)  -> (artifact id: 'a24c8da40ce4f69142c65a64aeba80d6') in 0.032273 seconds 
========================================================================
Received Import Request.
  Time since last request: 0.000032 seconds.
  path: Assets/2D Character - Astronaut/Variant A/Sprites/Character/walk/up/07.png
  artifactKey: Guid(1bd00edc96a5495a835b97e7f45a966b) Importer(815301076,1909f56bfc062723c751e8b465ee728b)
Start importing Assets/2D Character - Astronaut/Variant A/Sprites/Character/walk/up/07.png using Guid(1bd00edc96a5495a835b97e7f45a966b) Importer(815301076,1909f56bfc062723c751e8b465ee728b)  -> (artifact id: '75d8a462c3e09942d121d71d4e01eb34') in 0.033434 seconds 
========================================================================
Received Import Request.
  Time since last request: 0.875819 seconds.
  path: Assets/2D Character - Astronaut/Variant A/Sprites/Character/walk/down/01.png
  artifactKey: Guid(cf85cd98ee5a4c7ca58528830e694ba1) Importer(815301076,1909f56bfc062723c751e8b465ee728b)
Start importing Assets/2D Character - Astronaut/Variant A/Sprites/Character/walk/down/01.png using Guid(cf85cd98ee5a4c7ca58528830e694ba1) Importer(815301076,1909f56bfc062723c751e8b465ee728b)  -> (artifact id: '26fd96308c2047d969e4ec17645b819d') in 0.027304 seconds 
========================================================================
Received Import Request.
  Time since last request: 0.000028 seconds.
  path: Assets/2D Character - Astronaut/Variant A/Sprites/Character/walk/down/04.png
  artifactKey: Guid(cfa60840c06e44a281857e74876e0a67) Importer(815301076,1909f56bfc062723c751e8b465ee728b)
Start importing Assets/2D Character - Astronaut/Variant A/Sprites/Character/walk/down/04.png using Guid(cfa60840c06e44a281857e74876e0a67) Importer(815301076,1909f56bfc062723c751e8b465ee728b)  -> (artifact id: '49f4dd462c7855ae18cf7047670d8f9f') in 0.026882 seconds 
========================================================================
Received Import Request.
  Time since last request: 0.000018 seconds.
  path: Assets/2D Character - Astronaut/Variant A/Sprites/Character/walk/down/07.png
  artifactKey: Guid(7c6ed825b4db467b82a5b89fd00ea321) Importer(815301076,1909f56bfc062723c751e8b465ee728b)
Start importing Assets/2D Character - Astronaut/Variant A/Sprites/Character/walk/down/07.png using Guid(7c6ed825b4db467b82a5b89fd00ea321) Importer(815301076,1909f56bfc062723c751e8b465ee728b)  -> (artifact id: 'a7e7c4bb341359211ef22ff07061224d') in 0.027631 seconds 
========================================================================
Received Import Request.
  Time since last request: 0.000031 seconds.
  path: Assets/2D Character - Astronaut/Variant A/Sprites/Character/walk/down/10.png
  artifactKey: Guid(564a1c34861540a2a3a10fe01805eccd) Importer(815301076,1909f56bfc062723c751e8b465ee728b)
Start importing Assets/2D Character - Astronaut/Variant A/Sprites/Character/walk/down/10.png using Guid(564a1c34861540a2a3a10fe01805eccd) Importer(815301076,1909f56bfc062723c751e8b465ee728b)  -> (artifact id: '61c269823ded99ac295357334e8364e8') in 0.022831 seconds 
========================================================================
Received Import Request.
  Time since last request: 0.000045 seconds.
  path: Assets/2D Character - Astronaut/Variant A/Sprites/Character/walk/down/08.png
  artifactKey: Guid(b86e8f868d184620b2b1d2a4acb78fd6) Importer(815301076,1909f56bfc062723c751e8b465ee728b)
Start importing Assets/2D Character - Astronaut/Variant A/Sprites/Character/walk/down/08.png using Guid(b86e8f868d184620b2b1d2a4acb78fd6) Importer(815301076,1909f56bfc062723c751e8b465ee728b)  -> (artifact id: '9fcd3e17b351a1a94439443ede13760d') in 0.025543 seconds 
========================================================================
Received Import Request.
  Time since last request: 7.132016 seconds.
  path: Assets/2D Character - Astronaut/Variant A/Sprites/Tilemap/Block_01.png
  artifactKey: Guid(65745db1a4584b5c80590eba821edd5c) Importer(815301076,1909f56bfc062723c751e8b465ee728b)
Start importing Assets/2D Character - Astronaut/Variant A/Sprites/Tilemap/Block_01.png using Guid(65745db1a4584b5c80590eba821edd5c) Importer(815301076,1909f56bfc062723c751e8b465ee728b)  -> (artifact id: 'f486910da4dc2b77473c6ee805f21203') in 0.031259 seconds 
========================================================================
Received Import Request.
  Time since last request: 7.065456 seconds.
  path: Assets/2D Character - Astronaut/Variant A/Sprites/General/Bomb/01.png
  artifactKey: Guid(a1d2c3029bbe43c2b4d73714e17e3c56) Importer(815301076,1909f56bfc062723c751e8b465ee728b)
Start importing Assets/2D Character - Astronaut/Variant A/Sprites/General/Bomb/01.png using Guid(a1d2c3029bbe43c2b4d73714e17e3c56) Importer(815301076,1909f56bfc062723c751e8b465ee728b)  -> (artifact id: '1af343601da166b9326e468c6e3aa271') in 0.022671 seconds 
========================================================================
Received Import Request.
  Time since last request: 0.000025 seconds.
  path: Assets/2D Character - Astronaut/Variant A/Sprites/General/Bomb/12.png
  artifactKey: Guid(e72ce7f4387b451e99f99140bc4af816) Importer(815301076,1909f56bfc062723c751e8b465ee728b)
Start importing Assets/2D Character - Astronaut/Variant A/Sprites/General/Bomb/12.png using Guid(e72ce7f4387b451e99f99140bc4af816) Importer(815301076,1909f56bfc062723c751e8b465ee728b)  -> (artifact id: '17280e97e6c9be197644ccfa12135acb') in 0.022453 seconds 
========================================================================
Received Import Request.
  Time since last request: 0.000036 seconds.
  path: Assets/2D Character - Astronaut/Variant A/Sprites/General/Bomb/17.png
  artifactKey: Guid(af0a0e7a35ac4bf7a4f5701750af7e03) Importer(815301076,1909f56bfc062723c751e8b465ee728b)
Start importing Assets/2D Character - Astronaut/Variant A/Sprites/General/Bomb/17.png using Guid(af0a0e7a35ac4bf7a4f5701750af7e03) Importer(815301076,1909f56bfc062723c751e8b465ee728b)  -> (artifact id: 'ea393cb07c62413eaed31ef4cb3b582c') in 0.027058 seconds 
========================================================================
Received Import Request.
  Time since last request: 0.000080 seconds.
  path: Assets/2D Character - Astronaut/Variant A/Sprites/General/Bomb/04.png
  artifactKey: Guid(e4d0867c9501478385b883b6b9716e46) Importer(815301076,1909f56bfc062723c751e8b465ee728b)
Start importing Assets/2D Character - Astronaut/Variant A/Sprites/General/Bomb/04.png using Guid(e4d0867c9501478385b883b6b9716e46) Importer(815301076,1909f56bfc062723c751e8b465ee728b)  -> (artifact id: '8cc59d05f7481f5c0e8cde14b1677c60') in 0.029941 seconds 
========================================================================
Received Import Request.
  Time since last request: 0.000053 seconds.
  path: Assets/2D Character - Astronaut/Variant A/Sprites/General/Bomb/18.png
  artifactKey: Guid(d1108c64d1f24675b470f15465a3311d) Importer(815301076,1909f56bfc062723c751e8b465ee728b)
Start importing Assets/2D Character - Astronaut/Variant A/Sprites/General/Bomb/18.png using Guid(d1108c64d1f24675b470f15465a3311d) Importer(815301076,1909f56bfc062723c751e8b465ee728b)  -> (artifact id: '7878329338c48e3faa35a8c6cec9e53b') in 0.032008 seconds 
========================================================================
Received Import Request.
  Time since last request: 0.000052 seconds.
  path: Assets/2D Character - Astronaut/Variant A/Sprites/General/Bomb/07.png
  artifactKey: Guid(ffeedf7a6aa24117ad3e7ca5ae1bcb07) Importer(815301076,1909f56bfc062723c751e8b465ee728b)
Start importing Assets/2D Character - Astronaut/Variant A/Sprites/General/Bomb/07.png using Guid(ffeedf7a6aa24117ad3e7ca5ae1bcb07) Importer(815301076,1909f56bfc062723c751e8b465ee728b)  -> (artifact id: 'cb3d64c808a8399544a80766b7768c97') in 0.029930 seconds 
========================================================================
Received Import Request.
  Time since last request: 1.357104 seconds.
  path: Assets/2D Character - Astronaut/Variant A/Sprites/General/Effects/Char_Shadow
  artifactKey: Guid(60192ed0b1d64ecab9c7767d93f74715) Importer(815301076,1909f56bfc062723c751e8b465ee728b)
Start importing Assets/2D Character - Astronaut/Variant A/Sprites/General/Effects/Char_Shadow using Guid(60192ed0b1d64ecab9c7767d93f74715) Importer(815301076,1909f56bfc062723c751e8b465ee728b)  -> (artifact id: 'a162705ec75ad73d003fc83e0881dd3d') in 0.008905 seconds 
========================================================================
Received Import Request.
  Time since last request: 0.055341 seconds.
  path: Assets/2D Character - Astronaut/Variant A/Sprites/General/Effects/Char_Shadow/01.png
  artifactKey: Guid(7c4a14c63d554d36a0399206ee578d68) Importer(815301076,1909f56bfc062723c751e8b465ee728b)
Start importing Assets/2D Character - Astronaut/Variant A/Sprites/General/Effects/Char_Shadow/01.png using Guid(7c4a14c63d554d36a0399206ee578d68) Importer(815301076,1909f56bfc062723c751e8b465ee728b)  -> (artifact id: '529f01656acb8a96eb64868fd8d42b78') in 0.016027 seconds 
========================================================================
Received Import Request.
  Time since last request: 1.360005 seconds.
  path: Assets/2D Character - Astronaut/Variant A/Sprites/General/Effects/Explosion/01.png
  artifactKey: Guid(9ec1dd629dd744afaae2f6fd65bfe1dd) Importer(815301076,1909f56bfc062723c751e8b465ee728b)
Start importing Assets/2D Character - Astronaut/Variant A/Sprites/General/Effects/Explosion/01.png using Guid(9ec1dd629dd744afaae2f6fd65bfe1dd) Importer(815301076,1909f56bfc062723c751e8b465ee728b)  -> (artifact id: '8020b27bea6ada1f5399c05eec920aba') in 0.027653 seconds 
========================================================================
Received Import Request.
  Time since last request: 0.000023 seconds.
  path: Assets/2D Character - Astronaut/Variant A/Sprites/General/Effects/Explosion/09.png
  artifactKey: Guid(eb660be96f64441496af621c8f86fa18) Importer(815301076,1909f56bfc062723c751e8b465ee728b)
Start importing Assets/2D Character - Astronaut/Variant A/Sprites/General/Effects/Explosion/09.png using Guid(eb660be96f64441496af621c8f86fa18) Importer(815301076,1909f56bfc062723c751e8b465ee728b)  -> (artifact id: 'a213755f5c53c27186b00889a99ff324') in 0.031608 seconds 
========================================================================
Received Import Request.
  Time since last request: 0.000020 seconds.
  path: Assets/2D Character - Astronaut/Variant A/Sprites/General/Effects/Explosion/06.png
  artifactKey: Guid(3094a17e0a0a40b59ba28932f1c2a418) Importer(815301076,1909f56bfc062723c751e8b465ee728b)
Start importing Assets/2D Character - Astronaut/Variant A/Sprites/General/Effects/Explosion/06.png using Guid(3094a17e0a0a40b59ba28932f1c2a418) Importer(815301076,1909f56bfc062723c751e8b465ee728b)  -> (artifact id: 'e73374126f476b06004be97bc08c10e9') in 0.027510 seconds 
========================================================================
Received Import Request.
  Time since last request: 4.251297 seconds.
  path: Assets/2D Character - Astronaut/Variant A/Sprites/General/Effects/Muzzle_Flash/Rifle
  artifactKey: Guid(7a9c3de6e8f14897abbc3db7b5be3856) Importer(815301076,1909f56bfc062723c751e8b465ee728b)
Start importing Assets/2D Character - Astronaut/Variant A/Sprites/General/Effects/Muzzle_Flash/Rifle using Guid(7a9c3de6e8f14897abbc3db7b5be3856) Importer(815301076,1909f56bfc062723c751e8b465ee728b)  -> (artifact id: '7d069a0df97f3b40f0cf72ad6878a519') in 0.009725 seconds 
========================================================================
Received Import Request.
  Time since last request: 0.040091 seconds.
  path: Assets/2D Character - Astronaut/Variant A/Sprites/General/Effects/Muzzle_Flash/Rifle/01.png
  artifactKey: Guid(4e01f9be5d22474da7133e80b29e95ef) Importer(815301076,1909f56bfc062723c751e8b465ee728b)
Start importing Assets/2D Character - Astronaut/Variant A/Sprites/General/Effects/Muzzle_Flash/Rifle/01.png using Guid(4e01f9be5d22474da7133e80b29e95ef) Importer(815301076,1909f56bfc062723c751e8b465ee728b)  -> (artifact id: 'e21e29ce627992e6813c2a815ceaaa73') in 0.016687 seconds 
========================================================================
Received Import Request.
  Time since last request: 2.006745 seconds.
  path: Assets/2D Character - Astronaut/Variant A/Sprites/General/Effects/Muzzle_Flash/Gun/01.png
  artifactKey: Guid(75f4e1843ecf482bb7f5bda724b3fe08) Importer(815301076,1909f56bfc062723c751e8b465ee728b)
Start importing Assets/2D Character - Astronaut/Variant A/Sprites/General/Effects/Muzzle_Flash/Gun/01.png using Guid(75f4e1843ecf482bb7f5bda724b3fe08) Importer(815301076,1909f56bfc062723c751e8b465ee728b)  -> (artifact id: 'cd94222015f55ce600812e6563d994a3') in 0.015653 seconds 
========================================================================
Received Import Request.
  Time since last request: 4.514570 seconds.
  path: Assets/2D Character - Astronaut/Variant A/Sprites/General/Effects/Bullets/Arrow
  artifactKey: Guid(e0c4e0856f7e44b0ae71d7a1d686e02e) Importer(815301076,1909f56bfc062723c751e8b465ee728b)
Start importing Assets/2D Character - Astronaut/Variant A/Sprites/General/Effects/Bullets/Arrow using Guid(e0c4e0856f7e44b0ae71d7a1d686e02e) Importer(815301076,1909f56bfc062723c751e8b465ee728b)  -> (artifact id: '887218ce484483879b75dff467676b56') in 0.009361 seconds 
========================================================================
Received Import Request.
  Time since last request: 0.050038 seconds.
  path: Assets/2D Character - Astronaut/Variant A/Sprites/General/Effects/Bullets/Arrow/01.png
  artifactKey: Guid(eca2e36cfcd843f5934e0d4ba3d5167e) Importer(815301076,1909f56bfc062723c751e8b465ee728b)
Start importing Assets/2D Character - Astronaut/Variant A/Sprites/General/Effects/Bullets/Arrow/01.png using Guid(eca2e36cfcd843f5934e0d4ba3d5167e) Importer(815301076,1909f56bfc062723c751e8b465ee728b)  -> (artifact id: 'ef8711a563b6f8e562ab0f336d2a30da') in 0.018896 seconds 
========================================================================
Received Import Request.
  Time since last request: 48.774075 seconds.
  path: Assets/2D Character - Astronaut/Variant A/Prefabs/Character
  artifactKey: Guid(2628c7b9152a4b6a8de4f02f0444e961) Importer(815301076,1909f56bfc062723c751e8b465ee728b)
Start importing Assets/2D Character - Astronaut/Variant A/Prefabs/Character using Guid(2628c7b9152a4b6a8de4f02f0444e961) Importer(815301076,1909f56bfc062723c751e8b465ee728b)  -> (artifact id: '6090800d48bcd75dacfc6ed8eca042db') in 0.002150 seconds 
========================================================================
Received Import Request.
  Time since last request: 0.073922 seconds.
  path: Assets/2D Character - Astronaut/Variant A/Prefabs/Character/bomb_hold_down.prefab
  artifactKey: Guid(565f5d97d0464129bec2037100f5b0a8) Importer(815301076,1909f56bfc062723c751e8b465ee728b)
Start importing Assets/2D Character - Astronaut/Variant A/Prefabs/Character/bomb_hold_down.prefab using Guid(565f5d97d0464129bec2037100f5b0a8) Importer(815301076,1909f56bfc062723c751e8b465ee728b)  -> (artifact id: '8de1b2d43588d0d2dab6d12dfdfe797e') in 0.081763 seconds 
========================================================================
Received Import Request.
  Time since last request: 0.000024 seconds.
  path: Assets/2D Character - Astronaut/Variant A/Prefabs/Character/rifle_walk_side.prefab
  artifactKey: Guid(298290266376460ba25b329ac3873bbc) Importer(815301076,1909f56bfc062723c751e8b465ee728b)
Start importing Assets/2D Character - Astronaut/Variant A/Prefabs/Character/rifle_walk_side.prefab using Guid(298290266376460ba25b329ac3873bbc) Importer(815301076,1909f56bfc062723c751e8b465ee728b)  -> (artifact id: '7e3bd1e1c8617d989874dcfa69efd968') in 0.047473 seconds 
========================================================================
Received Import Request.
  Time since last request: 0.000035 seconds.
  path: Assets/2D Character - Astronaut/Variant A/Prefabs/Character/bow_walk_down.prefab
  artifactKey: Guid(12ff99b5176f48059335553773e06e7f) Importer(815301076,1909f56bfc062723c751e8b465ee728b)
Start importing Assets/2D Character - Astronaut/Variant A/Prefabs/Character/bow_walk_down.prefab using Guid(12ff99b5176f48059335553773e06e7f) Importer(815301076,1909f56bfc062723c751e8b465ee728b)  -> (artifact id: 'af1e2b0239827d3cbc27d3b7ce31a613') in 0.057341 seconds 
========================================================================
Received Import Request.
  Time since last request: 0.000033 seconds.
  path: Assets/2D Character - Astronaut/Variant A/Prefabs/Character/hit_A_up.prefab
  artifactKey: Guid(854878ce36684a17bda3a565bb711ed1) Importer(815301076,1909f56bfc062723c751e8b465ee728b)
Start importing Assets/2D Character - Astronaut/Variant A/Prefabs/Character/hit_A_up.prefab using Guid(854878ce36684a17bda3a565bb711ed1) Importer(815301076,1909f56bfc062723c751e8b465ee728b)  -> (artifact id: '6419e681ad8cef1db37cd9d86eaaa053') in 0.032624 seconds 
========================================================================
Received Import Request.
  Time since last request: 0.000028 seconds.
  path: Assets/2D Character - Astronaut/Variant A/Prefabs/Character/scythe_attack_side.prefab
  artifactKey: Guid(baf348122ca149d99149f61f12e159cb) Importer(815301076,1909f56bfc062723c751e8b465ee728b)
Start importing Assets/2D Character - Astronaut/Variant A/Prefabs/Character/scythe_attack_side.prefab using Guid(baf348122ca149d99149f61f12e159cb) Importer(815301076,1909f56bfc062723c751e8b465ee728b)  -> (artifact id: 'e87ff66750ec19d05c2437fd537131cd') in 0.055474 seconds 
========================================================================
Received Import Request.
  Time since last request: 0.000027 seconds.
  path: Assets/2D Character - Astronaut/Variant A/Prefabs/Character/jump_up.prefab
  artifactKey: Guid(a80fcb84c3544eef9abb48384db6f71d) Importer(815301076,1909f56bfc062723c751e8b465ee728b)
Start importing Assets/2D Character - Astronaut/Variant A/Prefabs/Character/jump_up.prefab using Guid(a80fcb84c3544eef9abb48384db6f71d) Importer(815301076,1909f56bfc062723c751e8b465ee728b)  -> (artifact id: '8c5cb72d1d1409e7ecf9b722a59a39d1') in 0.036137 seconds 
========================================================================
Received Import Request.
  Time since last request: 0.000019 seconds.
  path: Assets/2D Character - Astronaut/Variant A/Prefabs/Character/hit_A_down.prefab
  artifactKey: Guid(531574cfc7f44b08beee2906d2373f35) Importer(815301076,1909f56bfc062723c751e8b465ee728b)
Start importing Assets/2D Character - Astronaut/Variant A/Prefabs/Character/hit_A_down.prefab using Guid(531574cfc7f44b08beee2906d2373f35) Importer(815301076,1909f56bfc062723c751e8b465ee728b)  -> (artifact id: 'fbe1df40c93f253c65bfd89a4705d8ad') in 0.030166 seconds 
========================================================================
Received Import Request.
  Time since last request: 0.000042 seconds.
  path: Assets/2D Character - Astronaut/Variant A/Prefabs/Character/rifle_walk_down.prefab
  artifactKey: Guid(b297c4ee17b140fa904ab7b37aa2b866) Importer(815301076,1909f56bfc062723c751e8b465ee728b)
Start importing Assets/2D Character - Astronaut/Variant A/Prefabs/Character/rifle_walk_down.prefab using Guid(b297c4ee17b140fa904ab7b37aa2b866) Importer(815301076,1909f56bfc062723c751e8b465ee728b)  -> (artifact id: '42395c41b1e99271bcfbe49039665e59') in 0.034895 seconds 
========================================================================
Received Import Request.
  Time since last request: 0.000037 seconds.
  path: Assets/2D Character - Astronaut/Variant A/Prefabs/Character/scythe_idle_side.prefab
  artifactKey: Guid(49b171ae6c5b43de8be09b3621a44596) Importer(815301076,1909f56bfc062723c751e8b465ee728b)
Start importing Assets/2D Character - Astronaut/Variant A/Prefabs/Character/scythe_idle_side.prefab using Guid(49b171ae6c5b43de8be09b3621a44596) Importer(815301076,1909f56bfc062723c751e8b465ee728b)  -> (artifact id: '427618a65d1bf06977e3de786b9a6c9f') in 0.022258 seconds 
========================================================================
Received Import Request.
  Time since last request: 0.000046 seconds.
  path: Assets/2D Character - Astronaut/Variant A/Prefabs/Character/crawl_down.prefab
  artifactKey: Guid(8992442d4cb347bba544eb5777e717d1) Importer(815301076,1909f56bfc062723c751e8b465ee728b)
Start importing Assets/2D Character - Astronaut/Variant A/Prefabs/Character/crawl_down.prefab using Guid(8992442d4cb347bba544eb5777e717d1) Importer(815301076,1909f56bfc062723c751e8b465ee728b)  -> (artifact id: '40959fd8a0d08b17872a8c0e60c70db2') in 0.030418 seconds 
========================================================================
Received Import Request.
  Time since last request: 0.000073 seconds.
  path: Assets/2D Character - Astronaut/Variant A/Prefabs/Character/bomb_throw_side.prefab
  artifactKey: Guid(22cfe9631a7343f9b6ec8f2de454f2c0) Importer(815301076,1909f56bfc062723c751e8b465ee728b)
Start importing Assets/2D Character - Astronaut/Variant A/Prefabs/Character/bomb_throw_side.prefab using Guid(22cfe9631a7343f9b6ec8f2de454f2c0) Importer(815301076,1909f56bfc062723c751e8b465ee728b)  -> (artifact id: '775072289f374e15caa4bb68e1613462') in 0.035454 seconds 
========================================================================
Received Import Request.
  Time since last request: 0.000036 seconds.
  path: Assets/2D Character - Astronaut/Variant A/Prefabs/Character/bow_up.prefab
  artifactKey: Guid(0ba8d6a564454d12913d23b0f5cff947) Importer(815301076,1909f56bfc062723c751e8b465ee728b)
Start importing Assets/2D Character - Astronaut/Variant A/Prefabs/Character/bow_up.prefab using Guid(0ba8d6a564454d12913d23b0f5cff947) Importer(815301076,1909f56bfc062723c751e8b465ee728b)  -> (artifact id: 'd429330303404b0a0d5b680bbf6c01ab') in 0.026580 seconds 
========================================================================
Received Import Request.
  Time since last request: 0.000051 seconds.
  path: Assets/2D Character - Astronaut/Variant A/Prefabs/Character/bow_walk_up.prefab
  artifactKey: Guid(22c8a0ac9a9644a6a033b6680811a8bb) Importer(815301076,1909f56bfc062723c751e8b465ee728b)
Start importing Assets/2D Character - Astronaut/Variant A/Prefabs/Character/bow_walk_up.prefab using Guid(22c8a0ac9a9644a6a033b6680811a8bb) Importer(815301076,1909f56bfc062723c751e8b465ee728b)  -> (artifact id: '2dbe595395f1fadfbd83dac684c41195') in 0.034841 seconds 
========================================================================
Received Import Request.
  Time since last request: 0.000031 seconds.
  path: Assets/2D Character - Astronaut/Variant A/Prefabs/Character/run_side.prefab
  artifactKey: Guid(7e0019e55c414257813a0b5126d6faf0) Importer(815301076,1909f56bfc062723c751e8b465ee728b)
Start importing Assets/2D Character - Astronaut/Variant A/Prefabs/Character/run_side.prefab using Guid(7e0019e55c414257813a0b5126d6faf0) Importer(815301076,1909f56bfc062723c751e8b465ee728b)  -> (artifact id: '2a5eb9dc944b1a159a07525ec16a1a2c') in 0.029223 seconds 
========================================================================
Received Import Request.
  Time since last request: 0.000043 seconds.
  path: Assets/2D Character - Astronaut/Variant A/Prefabs/Character/idle_down.prefab
  artifactKey: Guid(ea418c003ed241c492ae4bf7204c3e3d) Importer(815301076,1909f56bfc062723c751e8b465ee728b)
Start importing Assets/2D Character - Astronaut/Variant A/Prefabs/Character/idle_down.prefab using Guid(ea418c003ed241c492ae4bf7204c3e3d) Importer(815301076,1909f56bfc062723c751e8b465ee728b)  -> (artifact id: '4c9d1d618beee9c79efc466e325ae7d2') in 0.035818 seconds 
========================================================================
Received Import Request.
  Time since last request: 0.000038 seconds.
  path: Assets/2D Character - Astronaut/Variant A/Prefabs/Character/scythe_attack_down.prefab
  artifactKey: Guid(5997e00d6e914d46b68e5948e9d9ad4a) Importer(815301076,1909f56bfc062723c751e8b465ee728b)
Start importing Assets/2D Character - Astronaut/Variant A/Prefabs/Character/scythe_attack_down.prefab using Guid(5997e00d6e914d46b68e5948e9d9ad4a) Importer(815301076,1909f56bfc062723c751e8b465ee728b)  -> (artifact id: 'b8f10f61b633a5359463052a70dd29d0') in 0.057695 seconds 
========================================================================
Received Import Request.
  Time since last request: 0.000028 seconds.
  path: Assets/2D Character - Astronaut/Variant A/Prefabs/Character/hammer_attack_up.prefab
  artifactKey: Guid(0d8fd2172fb14097baef11f265f0f168) Importer(815301076,1909f56bfc062723c751e8b465ee728b)
Start importing Assets/2D Character - Astronaut/Variant A/Prefabs/Character/hammer_attack_up.prefab using Guid(0d8fd2172fb14097baef11f265f0f168) Importer(815301076,1909f56bfc062723c751e8b465ee728b)  -> (artifact id: '383f65e0ecdf7a9d8a4c653c6c17e36b') in 0.058806 seconds 
========================================================================
Received Import Request.
  Time since last request: 0.000040 seconds.
  path: Assets/2D Character - Astronaut/Variant A/Prefabs/Character/gun_walk_down.prefab
  artifactKey: Guid(c404a132b4d140f58a1281b6b936bd5a) Importer(815301076,1909f56bfc062723c751e8b465ee728b)
Start importing Assets/2D Character - Astronaut/Variant A/Prefabs/Character/gun_walk_down.prefab using Guid(c404a132b4d140f58a1281b6b936bd5a) Importer(815301076,1909f56bfc062723c751e8b465ee728b)  -> (artifact id: 'da13181e286ef8386b3040603110bfeb') in 0.035701 seconds 
========================================================================
Received Import Request.
  Time since last request: 0.000033 seconds.
  path: Assets/2D Character - Astronaut/Variant A/Prefabs/Character/sword_attack_down.prefab
  artifactKey: Guid(af56e0aab1b64acb8ea566b4466f81cf) Importer(815301076,1909f56bfc062723c751e8b465ee728b)
Start importing Assets/2D Character - Astronaut/Variant A/Prefabs/Character/sword_attack_down.prefab using Guid(af56e0aab1b64acb8ea566b4466f81cf) Importer(815301076,1909f56bfc062723c751e8b465ee728b)  -> (artifact id: '9f5e07ca7bfb8ee49990c51be87845c0') in 0.062780 seconds 
========================================================================
Received Import Request.
  Time since last request: 0.000041 seconds.
  path: Assets/2D Character - Astronaut/Variant A/Prefabs/Character/idle_up.prefab
  artifactKey: Guid(7a0e446aa89944b98f276de128c71685) Importer(815301076,1909f56bfc062723c751e8b465ee728b)
Start importing Assets/2D Character - Astronaut/Variant A/Prefabs/Character/idle_up.prefab using Guid(7a0e446aa89944b98f276de128c71685) Importer(815301076,1909f56bfc062723c751e8b465ee728b)  -> (artifact id: 'b357c2ee18cb99c3bfd82481e35333e1') in 0.046879 seconds 
========================================================================
Received Import Request.
  Time since last request: 0.000058 seconds.
  path: Assets/2D Character - Astronaut/Variant A/Prefabs/Character/crawl_side.prefab
  artifactKey: Guid(82e9c79c2a184dd0a4ab3e9c13f06243) Importer(815301076,1909f56bfc062723c751e8b465ee728b)
Start importing Assets/2D Character - Astronaut/Variant A/Prefabs/Character/crawl_side.prefab using Guid(82e9c79c2a184dd0a4ab3e9c13f06243) Importer(815301076,1909f56bfc062723c751e8b465ee728b)  -> (artifact id: '13e7816e1bc6d192fc0c5c78c6e26344') in 0.049695 seconds 
========================================================================
Received Import Request.
  Time since last request: 0.000035 seconds.
  path: Assets/2D Character - Astronaut/Variant A/Prefabs/Character/gun_down.prefab
  artifactKey: Guid(217870614ba740ae8f7668ea9af7ffd8) Importer(815301076,1909f56bfc062723c751e8b465ee728b)
Start importing Assets/2D Character - Astronaut/Variant A/Prefabs/Character/gun_down.prefab using Guid(217870614ba740ae8f7668ea9af7ffd8) Importer(815301076,1909f56bfc062723c751e8b465ee728b)  -> (artifact id: '7b216e82869d2ba49b4bcdd2f256da7b') in 0.037491 seconds 
========================================================================
Received Import Request.
  Time since last request: 0.000045 seconds.
  path: Assets/2D Character - Astronaut/Variant A/Prefabs/Character/hit_A_side.prefab
  artifactKey: Guid(d73d9aa386164e56889d4c0e8092be3f) Importer(815301076,1909f56bfc062723c751e8b465ee728b)
Start importing Assets/2D Character - Astronaut/Variant A/Prefabs/Character/hit_A_side.prefab using Guid(d73d9aa386164e56889d4c0e8092be3f) Importer(815301076,1909f56bfc062723c751e8b465ee728b)  -> (artifact id: 'a789ca8ae5d573a1383ee3682e2dca7a') in 0.035331 seconds 
========================================================================
Received Import Request.
  Time since last request: 0.000034 seconds.
  path: Assets/2D Character - Astronaut/Variant A/Prefabs/Character/hit_B_down.prefab
  artifactKey: Guid(ccda0c9ecc8a4540a26aeaac461f2fe1) Importer(815301076,1909f56bfc062723c751e8b465ee728b)
Start importing Assets/2D Character - Astronaut/Variant A/Prefabs/Character/hit_B_down.prefab using Guid(ccda0c9ecc8a4540a26aeaac461f2fe1) Importer(815301076,1909f56bfc062723c751e8b465ee728b)  -> (artifact id: '8c55fa96d056e6ae20f24957d44c658a') in 0.034922 seconds 
========================================================================
Received Import Request.
  Time since last request: 1.611357 seconds.
  path: Assets/2D Character - Astronaut/Variant A/Prefabs/Objects/Block_01.prefab
  artifactKey: Guid(f3cd9fea88934a6f94a9cfc1112c10b0) Importer(815301076,1909f56bfc062723c751e8b465ee728b)
Start importing Assets/2D Character - Astronaut/Variant A/Prefabs/Objects/Block_01.prefab using Guid(f3cd9fea88934a6f94a9cfc1112c10b0) Importer(815301076,1909f56bfc062723c751e8b465ee728b)  -> (artifact id: 'd7fc5601cfaab659314596b1774ea5df') in 0.036855 seconds 
========================================================================
Received Import Request.
  Time since last request: 0.000060 seconds.
  path: Assets/2D Character - Astronaut/Variant A/Prefabs/Objects/bullet_gun.prefab
  artifactKey: Guid(c36655b83c49418fa753cd857e7afb66) Importer(815301076,1909f56bfc062723c751e8b465ee728b)
Start importing Assets/2D Character - Astronaut/Variant A/Prefabs/Objects/bullet_gun.prefab using Guid(c36655b83c49418fa753cd857e7afb66) Importer(815301076,1909f56bfc062723c751e8b465ee728b)  -> (artifact id: '57fd048a0acca11db94cffc2b77953a1') in 0.024103 seconds 
========================================================================
Received Import Request.
  Time since last request: 0.000035 seconds.
  path: Assets/2D Character - Astronaut/Variant A/Prefabs/Objects/Deco_03.prefab
  artifactKey: Guid(97eb8d7499534c409705860ec0a06bd6) Importer(815301076,1909f56bfc062723c751e8b465ee728b)
Start importing Assets/2D Character - Astronaut/Variant A/Prefabs/Objects/Deco_03.prefab using Guid(97eb8d7499534c409705860ec0a06bd6) Importer(815301076,1909f56bfc062723c751e8b465ee728b)  -> (artifact id: '42339a6f47503157455f3271fa7ee0e2') in 0.019380 seconds 
========================================================================
Received Import Request.
  Time since last request: 9.089843 seconds.
  path: Assets/2D Character - Astronaut/Variant A/Prefabs/Tilemap/Palette A.prefab
  artifactKey: Guid(45b6d67909504a73a22357db64eff0cf) Importer(815301076,1909f56bfc062723c751e8b465ee728b)
Start importing Assets/2D Character - Astronaut/Variant A/Prefabs/Tilemap/Palette A.prefab using Guid(45b6d67909504a73a22357db64eff0cf) Importer(815301076,1909f56bfc062723c751e8b465ee728b)  -> (artifact id: '9b2d4c3d3605010713ee84bcd4dfc3c4') in 0.065802 seconds 
========================================================================
Received Import Request.
  Time since last request: 0.000054 seconds.
  path: Assets/2D Character - Astronaut/Variant A/Prefabs/Tilemap/Tilemap_39.asset
  artifactKey: Guid(856078faecb1418e8b10ed00574a5ef2) Importer(815301076,1909f56bfc062723c751e8b465ee728b)
Start importing Assets/2D Character - Astronaut/Variant A/Prefabs/Tilemap/Tilemap_39.asset using Guid(856078faecb1418e8b10ed00574a5ef2) Importer(815301076,1909f56bfc062723c751e8b465ee728b)  -> (artifact id: '16c52033eb3a3b48058dd94a6c9f3c1e') in 0.030082 seconds 
========================================================================
Received Import Request.
  Time since last request: 0.000041 seconds.
  path: Assets/2D Character - Astronaut/Variant A/Prefabs/Tilemap/Tilemap_46.asset
  artifactKey: Guid(2687d7fd1f6a4fb5a3fb09608ffbe4f8) Importer(815301076,1909f56bfc062723c751e8b465ee728b)
Start importing Assets/2D Character - Astronaut/Variant A/Prefabs/Tilemap/Tilemap_46.asset using Guid(2687d7fd1f6a4fb5a3fb09608ffbe4f8) Importer(815301076,1909f56bfc062723c751e8b465ee728b)  -> (artifact id: 'e3395e4e7f8ff7fa97d35e71dd5ec0f4') in 0.028251 seconds 
========================================================================
Received Import Request.
  Time since last request: 0.000023 seconds.
  path: Assets/2D Character - Astronaut/Variant A/Prefabs/Tilemap/Tilemap_51.asset
  artifactKey: Guid(5dde69b137e84453ac18866ea80cfa88) Importer(815301076,1909f56bfc062723c751e8b465ee728b)
Start importing Assets/2D Character - Astronaut/Variant A/Prefabs/Tilemap/Tilemap_51.asset using Guid(5dde69b137e84453ac18866ea80cfa88) Importer(815301076,1909f56bfc062723c751e8b465ee728b)  -> (artifact id: '9755d8a7c074073eb3330eb819692a79') in 0.023373 seconds 
========================================================================
Received Import Request.
  Time since last request: 0.000023 seconds.
  path: Assets/2D Character - Astronaut/Variant A/Prefabs/Tilemap/Tilemap_14.asset
  artifactKey: Guid(5533ccbf2bf440d3a60ebae771336396) Importer(815301076,1909f56bfc062723c751e8b465ee728b)
Start importing Assets/2D Character - Astronaut/Variant A/Prefabs/Tilemap/Tilemap_14.asset using Guid(5533ccbf2bf440d3a60ebae771336396) Importer(815301076,1909f56bfc062723c751e8b465ee728b)  -> (artifact id: '47b05944eb0250af3004e41f6baeb100') in 0.026951 seconds 
========================================================================
Received Import Request.
  Time since last request: 0.000025 seconds.
  path: Assets/2D Character - Astronaut/Variant A/Prefabs/Tilemap/Tilemap_19.asset
  artifactKey: Guid(5465a18ad4e4494dbf11cc5233527122) Importer(815301076,1909f56bfc062723c751e8b465ee728b)
Start importing Assets/2D Character - Astronaut/Variant A/Prefabs/Tilemap/Tilemap_19.asset using Guid(5465a18ad4e4494dbf11cc5233527122) Importer(815301076,1909f56bfc062723c751e8b465ee728b)  -> (artifact id: 'a416b03a6f449bf5dc174edc4cf8a508') in 0.023852 seconds 
========================================================================
Received Import Request.
  Time since last request: 0.000033 seconds.
  path: Assets/2D Character - Astronaut/Variant A/Prefabs/Tilemap/Tilemap_3.asset
  artifactKey: Guid(0094eedb41324f27b88891a9bfa181ca) Importer(815301076,1909f56bfc062723c751e8b465ee728b)
Start importing Assets/2D Character - Astronaut/Variant A/Prefabs/Tilemap/Tilemap_3.asset using Guid(0094eedb41324f27b88891a9bfa181ca) Importer(815301076,1909f56bfc062723c751e8b465ee728b)  -> (artifact id: 'fae26aa2605e275166dcac58e116f1f9') in 0.025464 seconds 
========================================================================
Received Import Request.
  Time since last request: 0.000049 seconds.
  path: Assets/2D Character - Astronaut/Variant A/Prefabs/Tilemap/Tilemap_13.asset
  artifactKey: Guid(eb853c19a78a4de6a0da6eb9c741b065) Importer(815301076,1909f56bfc062723c751e8b465ee728b)
Start importing Assets/2D Character - Astronaut/Variant A/Prefabs/Tilemap/Tilemap_13.asset using Guid(eb853c19a78a4de6a0da6eb9c741b065) Importer(815301076,1909f56bfc062723c751e8b465ee728b)  -> (artifact id: '8097be2f62de1026e0a21200a582e6b8') in 0.032262 seconds 
========================================================================
Received Import Request.
  Time since last request: 0.000044 seconds.
  path: Assets/2D Character - Astronaut/Variant A/Prefabs/Tilemap/Tilemap_15.asset
  artifactKey: Guid(98e87c412a2d4b7eb4228736c0a85fa1) Importer(815301076,1909f56bfc062723c751e8b465ee728b)
Start importing Assets/2D Character - Astronaut/Variant A/Prefabs/Tilemap/Tilemap_15.asset using Guid(98e87c412a2d4b7eb4228736c0a85fa1) Importer(815301076,1909f56bfc062723c751e8b465ee728b)  -> (artifact id: 'e8d70fb0cbaa4b4a06100b28adf64e1a') in 0.030032 seconds 
========================================================================
Received Import Request.
  Time since last request: 0.000097 seconds.
  path: Assets/2D Character - Astronaut/Variant A/Prefabs/Tilemap/Tilemap_41.asset
  artifactKey: Guid(b338fbfe5ccf473680355a87205c4d06) Importer(815301076,1909f56bfc062723c751e8b465ee728b)
Start importing Assets/2D Character - Astronaut/Variant A/Prefabs/Tilemap/Tilemap_41.asset using Guid(b338fbfe5ccf473680355a87205c4d06) Importer(815301076,1909f56bfc062723c751e8b465ee728b)  -> (artifact id: '093ef201fcfb05ea6a682b6d6a4fe57c') in 0.027350 seconds 
========================================================================
Received Import Request.
  Time since last request: 0.000036 seconds.
  path: Assets/2D Character - Astronaut/Variant A/Prefabs/Tilemap/Tilemap_4.asset
  artifactKey: Guid(356690376ac2437386e1e2f7c17611c4) Importer(815301076,1909f56bfc062723c751e8b465ee728b)
Start importing Assets/2D Character - Astronaut/Variant A/Prefabs/Tilemap/Tilemap_4.asset using Guid(356690376ac2437386e1e2f7c17611c4) Importer(815301076,1909f56bfc062723c751e8b465ee728b)  -> (artifact id: '667acd94c9255fe0ecad205921f9d3a1') in 0.029089 seconds 
========================================================================
Received Import Request.
  Time since last request: 0.000286 seconds.
  path: Assets/2D Character - Astronaut/Variant A/Prefabs/Tilemap/Tilemap_25.asset
  artifactKey: Guid(1feb71771e4a4a59814959293618d703) Importer(815301076,1909f56bfc062723c751e8b465ee728b)
Start importing Assets/2D Character - Astronaut/Variant A/Prefabs/Tilemap/Tilemap_25.asset using Guid(1feb71771e4a4a59814959293618d703) Importer(815301076,1909f56bfc062723c751e8b465ee728b)  -> (artifact id: '65237d0a3dc86d8aea40092b181315d3') in 0.030728 seconds 
========================================================================
Received Import Request.
  Time since last request: 0.000043 seconds.
  path: Assets/2D Character - Astronaut/Variant A/Prefabs/Tilemap/Tilemap_40.asset
  artifactKey: Guid(0d474b2cfb36414b8bf921bfd78213e7) Importer(815301076,1909f56bfc062723c751e8b465ee728b)
Start importing Assets/2D Character - Astronaut/Variant A/Prefabs/Tilemap/Tilemap_40.asset using Guid(0d474b2cfb36414b8bf921bfd78213e7) Importer(815301076,1909f56bfc062723c751e8b465ee728b)  -> (artifact id: 'a3b2b543916e8d254c27249063a7ee3a') in 0.028687 seconds 
========================================================================
Received Import Request.
  Time since last request: 0.000026 seconds.
  path: Assets/2D Character - Astronaut/Variant A/Prefabs/Tilemap/Tilemap_10.asset
  artifactKey: Guid(f82b4b5f4a1243abbed77362e87b534d) Importer(815301076,1909f56bfc062723c751e8b465ee728b)
Start importing Assets/2D Character - Astronaut/Variant A/Prefabs/Tilemap/Tilemap_10.asset using Guid(f82b4b5f4a1243abbed77362e87b534d) Importer(815301076,1909f56bfc062723c751e8b465ee728b)  -> (artifact id: 'e43d728591d45a1b059dcf5133113c6b') in 0.285983 seconds 
========================================================================
Received Import Request.
  Time since last request: 0.000041 seconds.
  path: Assets/2D Character - Astronaut/Variant A/Prefabs/Tilemap/Tilemap_2.asset
  artifactKey: Guid(b4e3511a50b14df0935203481bb75b46) Importer(815301076,1909f56bfc062723c751e8b465ee728b)
Start importing Assets/2D Character - Astronaut/Variant A/Prefabs/Tilemap/Tilemap_2.asset using Guid(b4e3511a50b14df0935203481bb75b46) Importer(815301076,1909f56bfc062723c751e8b465ee728b)  -> (artifact id: '05cd9918b0ac91dcfba35d1c7dbab371') in 0.027687 seconds 
========================================================================
Received Import Request.
  Time since last request: 0.000028 seconds.
  path: Assets/2D Character - Astronaut/Variant A/Prefabs/Tilemap/Tilemap_21.asset
  artifactKey: Guid(868b3f0392e54b53ba98074317bd5f6d) Importer(815301076,1909f56bfc062723c751e8b465ee728b)
Start importing Assets/2D Character - Astronaut/Variant A/Prefabs/Tilemap/Tilemap_21.asset using Guid(868b3f0392e54b53ba98074317bd5f6d) Importer(815301076,1909f56bfc062723c751e8b465ee728b)  -> (artifact id: '41ee12aad1266ea0548a76b7a69e44d7') in 0.028815 seconds 
========================================================================
Received Import Request.
  Time since last request: 0.000031 seconds.
  path: Assets/2D Character - Astronaut/Variant A/Prefabs/Tilemap/Tilemap_37.asset
  artifactKey: Guid(bcb0252e351548179a7f7176e0e1551f) Importer(815301076,1909f56bfc062723c751e8b465ee728b)
Start importing Assets/2D Character - Astronaut/Variant A/Prefabs/Tilemap/Tilemap_37.asset using Guid(bcb0252e351548179a7f7176e0e1551f) Importer(815301076,1909f56bfc062723c751e8b465ee728b)  -> (artifact id: '31d0c8c7b81c701923c385e25f333926') in 0.026636 seconds 
========================================================================
Received Import Request.
  Time since last request: 0.000045 seconds.
  path: Assets/2D Character - Astronaut/Variant A/Prefabs/Tilemap/Tilemap_9.asset
  artifactKey: Guid(ace64bf1be6349f1bbdce0fbbef051fd) Importer(815301076,1909f56bfc062723c751e8b465ee728b)
Start importing Assets/2D Character - Astronaut/Variant A/Prefabs/Tilemap/Tilemap_9.asset using Guid(ace64bf1be6349f1bbdce0fbbef051fd) Importer(815301076,1909f56bfc062723c751e8b465ee728b)  -> (artifact id: 'cb0592c7296b357583d881840b638fa9') in 0.028275 seconds 
========================================================================
Received Import Request.
  Time since last request: 0.000062 seconds.
  path: Assets/2D Character - Astronaut/Variant A/Prefabs/Tilemap/Tilemap_57.asset
  artifactKey: Guid(f9a13d1889ef4aa7834e85bce4983508) Importer(815301076,1909f56bfc062723c751e8b465ee728b)
Start importing Assets/2D Character - Astronaut/Variant A/Prefabs/Tilemap/Tilemap_57.asset using Guid(f9a13d1889ef4aa7834e85bce4983508) Importer(815301076,1909f56bfc062723c751e8b465ee728b)  -> (artifact id: '93245c3d63965d0a00d486568e15e60a') in 0.025998 seconds 
========================================================================
Received Import Request.
  Time since last request: 0.000042 seconds.
  path: Assets/2D Character - Astronaut/Variant A/Prefabs/Tilemap/Tilemap_6.asset
  artifactKey: Guid(6e5082d4b5d0447dbf14ab6052d752ea) Importer(815301076,1909f56bfc062723c751e8b465ee728b)
Start importing Assets/2D Character - Astronaut/Variant A/Prefabs/Tilemap/Tilemap_6.asset using Guid(6e5082d4b5d0447dbf14ab6052d752ea) Importer(815301076,1909f56bfc062723c751e8b465ee728b)  -> (artifact id: 'c40758749bd0d43596ac56c40b99a301') in 0.025651 seconds 
========================================================================
Received Import Request.
  Time since last request: 10.953792 seconds.
  path: Assets/2D Character - Astronaut/Variant A/Prefabs/Objects
  artifactKey: Guid(ee53b30a6d73488986a01bd0c163f646) Importer(815301076,1909f56bfc062723c751e8b465ee728b)
Start importing Assets/2D Character - Astronaut/Variant A/Prefabs/Objects using Guid(ee53b30a6d73488986a01bd0c163f646) Importer(815301076,1909f56bfc062723c751e8b465ee728b)  -> (artifact id: '7e7efacc34f52b458ba8d978938a04bd') in 0.009665 seconds 
========================================================================
Received Import Request.
  Time since last request: 17.299957 seconds.
  path: Assets/2D Character - Astronaut/Variant A/Sprites/Character/idle
  artifactKey: Guid(c17b60e9ebd245109373b71be1f759b4) Importer(815301076,1909f56bfc062723c751e8b465ee728b)
Start importing Assets/2D Character - Astronaut/Variant A/Sprites/Character/idle using Guid(c17b60e9ebd245109373b71be1f759b4) Importer(815301076,1909f56bfc062723c751e8b465ee728b)  -> (artifact id: '23916810bbc97b2513cc52fa500b25f8') in 0.009339 seconds 
========================================================================
Received Import Request.
  Time since last request: 3.054435 seconds.
  path: Assets/2D Character - Astronaut/Variant A/Sprites/Character/idle/up
  artifactKey: Guid(b1f427720a2f4f78bf6f71acd50c4715) Importer(815301076,1909f56bfc062723c751e8b465ee728b)
Start importing Assets/2D Character - Astronaut/Variant A/Sprites/Character/idle/up using Guid(b1f427720a2f4f78bf6f71acd50c4715) Importer(815301076,1909f56bfc062723c751e8b465ee728b)  -> (artifact id: '2a207367e12004399ed243f22b0d8dd6') in 0.011491 seconds 
========================================================================
Received Import Request.
  Time since last request: 0.054052 seconds.
  path: Assets/2D Character - Astronaut/Variant A/Sprites/Character/idle/up/01.png
  artifactKey: Guid(d690cae394bd4c489322d0eaf8fa29ac) Importer(815301076,1909f56bfc062723c751e8b465ee728b)
Start importing Assets/2D Character - Astronaut/Variant A/Sprites/Character/idle/up/01.png using Guid(d690cae394bd4c489322d0eaf8fa29ac) Importer(815301076,1909f56bfc062723c751e8b465ee728b)  -> (artifact id: 'e2c7d63bc5a0e3fe7e91b9c44c2750fe') in 0.023416 seconds 
========================================================================
Received Import Request.
  Time since last request: 0.000036 seconds.
  path: Assets/2D Character - Astronaut/Variant A/Sprites/Character/idle/up/12.png
  artifactKey: Guid(a905a5d842974399a2b71bba07f1a25e) Importer(815301076,1909f56bfc062723c751e8b465ee728b)
Start importing Assets/2D Character - Astronaut/Variant A/Sprites/Character/idle/up/12.png using Guid(a905a5d842974399a2b71bba07f1a25e) Importer(815301076,1909f56bfc062723c751e8b465ee728b)  -> (artifact id: '5d5501a69cdf9a2bc905a1058ff6e2e2') in 0.023533 seconds 
========================================================================
Received Import Request.
  Time since last request: 0.000047 seconds.
  path: Assets/2D Character - Astronaut/Variant A/Sprites/Character/idle/up/21.png
  artifactKey: Guid(839de10853d64b9ca1ddd24b37b015b0) Importer(815301076,1909f56bfc062723c751e8b465ee728b)
Start importing Assets/2D Character - Astronaut/Variant A/Sprites/Character/idle/up/21.png using Guid(839de10853d64b9ca1ddd24b37b015b0) Importer(815301076,1909f56bfc062723c751e8b465ee728b)  -> (artifact id: 'd8cdff04049908a0b9a4f55f31a2497f') in 0.023083 seconds 
========================================================================
Received Import Request.
  Time since last request: 0.000040 seconds.
  path: Assets/2D Character - Astronaut/Variant A/Sprites/Character/idle/up/20.png
  artifactKey: Guid(c5e65eeea60c4bcb8e1e2f08966cb91b) Importer(815301076,1909f56bfc062723c751e8b465ee728b)
Start importing Assets/2D Character - Astronaut/Variant A/Sprites/Character/idle/up/20.png using Guid(c5e65eeea60c4bcb8e1e2f08966cb91b) Importer(815301076,1909f56bfc062723c751e8b465ee728b)  -> (artifact id: '19d37b9028a7f7935311cdc61926f01e') in 0.021242 seconds 
========================================================================
Received Import Request.
  Time since last request: 0.000034 seconds.
  path: Assets/2D Character - Astronaut/Variant A/Sprites/Character/idle/up/08.png
  artifactKey: Guid(e8c1c91a455143159232268cf048149a) Importer(815301076,1909f56bfc062723c751e8b465ee728b)
Start importing Assets/2D Character - Astronaut/Variant A/Sprites/Character/idle/up/08.png using Guid(e8c1c91a455143159232268cf048149a) Importer(815301076,1909f56bfc062723c751e8b465ee728b)  -> (artifact id: 'dcd70357a4084847d91ba6e46391f6c3') in 0.025939 seconds 
========================================================================
Received Import Request.
  Time since last request: 0.000027 seconds.
  path: Assets/2D Character - Astronaut/Variant A/Sprites/Character/idle/up/09.png
  artifactKey: Guid(12aaf68149794586a12637e53bba2576) Importer(815301076,1909f56bfc062723c751e8b465ee728b)
Start importing Assets/2D Character - Astronaut/Variant A/Sprites/Character/idle/up/09.png using Guid(12aaf68149794586a12637e53bba2576) Importer(815301076,1909f56bfc062723c751e8b465ee728b)  -> (artifact id: '83b74a0d339361c86e2509e20208300a') in 0.024208 seconds 
========================================================================
Received Import Request.
  Time since last request: 0.000034 seconds.
  path: Assets/2D Character - Astronaut/Variant A/Sprites/Character/idle/up/15.png
  artifactKey: Guid(667b67aa16424447ad177eb6baec332a) Importer(815301076,1909f56bfc062723c751e8b465ee728b)
Start importing Assets/2D Character - Astronaut/Variant A/Sprites/Character/idle/up/15.png using Guid(667b67aa16424447ad177eb6baec332a) Importer(815301076,1909f56bfc062723c751e8b465ee728b)  -> (artifact id: '5590d8fbc61d87bda0ebf971c78d5920') in 0.021593 seconds 
========================================================================
Received Import Request.
  Time since last request: 1.848910 seconds.
  path: Assets/2D Character - Astronaut/Variant A/Sprites/Character/idle/down/01.png
  artifactKey: Guid(1f2b808deed244e18d31ba3c25ad903b) Importer(815301076,1909f56bfc062723c751e8b465ee728b)
Start importing Assets/2D Character - Astronaut/Variant A/Sprites/Character/idle/down/01.png using Guid(1f2b808deed244e18d31ba3c25ad903b) Importer(815301076,1909f56bfc062723c751e8b465ee728b)  -> (artifact id: '898fe1e670bc411c887bb5e6ac960326') in 0.022262 seconds 
========================================================================
Received Import Request.
  Time since last request: 0.000022 seconds.
  path: Assets/2D Character - Astronaut/Variant A/Sprites/Character/idle/down/21.png
  artifactKey: Guid(8a7fa5ee982d41f59168a37a6a39b740) Importer(815301076,1909f56bfc062723c751e8b465ee728b)
Start importing Assets/2D Character - Astronaut/Variant A/Sprites/Character/idle/down/21.png using Guid(8a7fa5ee982d41f59168a37a6a39b740) Importer(815301076,1909f56bfc062723c751e8b465ee728b)  -> (artifact id: 'a709474a83c91f1b51eba986f4f2f8c4') in 0.023782 seconds 
========================================================================
Received Import Request.
  Time since last request: 0.000027 seconds.
  path: Assets/2D Character - Astronaut/Variant A/Sprites/Character/idle/down/10.png
  artifactKey: Guid(22bcbf11f2204883a54ad783d5578ef0) Importer(815301076,1909f56bfc062723c751e8b465ee728b)
Start importing Assets/2D Character - Astronaut/Variant A/Sprites/Character/idle/down/10.png using Guid(22bcbf11f2204883a54ad783d5578ef0) Importer(815301076,1909f56bfc062723c751e8b465ee728b)  -> (artifact id: '2035377b88d7b624dc8331125800c26c') in 0.023663 seconds 
========================================================================
Received Import Request.
  Time since last request: 0.000051 seconds.
  path: Assets/2D Character - Astronaut/Variant A/Sprites/Character/idle/down/12.png
  artifactKey: Guid(1b9c8645125a49e8b99593fa147f2fb4) Importer(815301076,1909f56bfc062723c751e8b465ee728b)
Start importing Assets/2D Character - Astronaut/Variant A/Sprites/Character/idle/down/12.png using Guid(1b9c8645125a49e8b99593fa147f2fb4) Importer(815301076,1909f56bfc062723c751e8b465ee728b)  -> (artifact id: '4dfe0d3bccc532bd909eb31f173ce7d6') in 0.024338 seconds 
========================================================================
Received Import Request.
  Time since last request: 0.000026 seconds.
  path: Assets/2D Character - Astronaut/Variant A/Sprites/Character/idle/down/09.png
  artifactKey: Guid(9bfcddf9fdf04a18864f6b2b3a24b6f9) Importer(815301076,1909f56bfc062723c751e8b465ee728b)
Start importing Assets/2D Character - Astronaut/Variant A/Sprites/Character/idle/down/09.png using Guid(9bfcddf9fdf04a18864f6b2b3a24b6f9) Importer(815301076,1909f56bfc062723c751e8b465ee728b)  -> (artifact id: 'cb5125b85acc087243f49465cb31b8d0') in 0.022130 seconds 
========================================================================
Received Import Request.
  Time since last request: 0.000031 seconds.
  path: Assets/2D Character - Astronaut/Variant A/Sprites/Character/idle/down/17.png
  artifactKey: Guid(b07face15d8a482aa346b674823302ab) Importer(815301076,1909f56bfc062723c751e8b465ee728b)
Start importing Assets/2D Character - Astronaut/Variant A/Sprites/Character/idle/down/17.png using Guid(b07face15d8a482aa346b674823302ab) Importer(815301076,1909f56bfc062723c751e8b465ee728b)  -> (artifact id: '53e5e11c5f431e779e3283e52a03e974') in 0.025390 seconds 
========================================================================
Received Import Request.
  Time since last request: 0.000027 seconds.
  path: Assets/2D Character - Astronaut/Variant A/Sprites/Character/idle/down/18.png
  artifactKey: Guid(36bc14a36f5849f5a4e73824539669da) Importer(815301076,1909f56bfc062723c751e8b465ee728b)
Start importing Assets/2D Character - Astronaut/Variant A/Sprites/Character/idle/down/18.png using Guid(36bc14a36f5849f5a4e73824539669da) Importer(815301076,1909f56bfc062723c751e8b465ee728b)  -> (artifact id: '5aba88044c692d8f209c2886da43b83f') in 0.024012 seconds 
========================================================================
Received Import Request.
  Time since last request: 91.132885 seconds.
  path: Assets
  artifactKey: Guid(00000000000000001000000000000000) Importer(815301076,1909f56bfc062723c751e8b465ee728b)
Start importing Assets using Guid(00000000000000001000000000000000) Importer(815301076,1909f56bfc062723c751e8b465ee728b)  -> (artifact id: '79842766b460edbeab6a34051e857a80') in 0.009325 seconds 
========================================================================
Received Import Request.
  Time since last request: 10.615498 seconds.
  path: Assets/Animator
  artifactKey: Guid(5a3d54fc2ec0b65448ffcc33933b9e21) Importer(815301076,1909f56bfc062723c751e8b465ee728b)
Start importing Assets/Animator using Guid(5a3d54fc2ec0b65448ffcc33933b9e21) Importer(815301076,1909f56bfc062723c751e8b465ee728b)  -> (artifact id: '5313412a0d39429f0f529c2d193dea21') in 0.008748 seconds 
========================================================================
Received Import Request.
  Time since last request: 16.078245 seconds.
  path: Assets/Animator/Animator Controller.controller
  artifactKey: Guid(80a0058e1d583b347be5a6bdb7ff87d5) Importer(815301076,1909f56bfc062723c751e8b465ee728b)
Start importing Assets/Animator/Animator Controller.controller using Guid(80a0058e1d583b347be5a6bdb7ff87d5) Importer(815301076,1909f56bfc062723c751e8b465ee728b)  -> (artifact id: '109692660a433a9ac1d665c646f266c7') in 0.011329 seconds 
========================================================================
Received Import Request.
  Time since last request: 36.148429 seconds.
  path: Assets/2D Character - Astronaut/Variant A/Animations
  artifactKey: Guid(6ac4cc8d1d8b4454bb0c3042973bd293) Importer(815301076,1909f56bfc062723c751e8b465ee728b)
Start importing Assets/2D Character - Astronaut/Variant A/Animations using Guid(6ac4cc8d1d8b4454bb0c3042973bd293) Importer(815301076,1909f56bfc062723c751e8b465ee728b)  -> (artifact id: '9c55226944423030826397c8c76207c4') in 0.009905 seconds 
========================================================================
Received Import Request.
  Time since last request: 35.926970 seconds.
  path: Assets/2D Character - Astronaut/Variant A/Animations/idle_down.anim
  artifactKey: Guid(95deb947f6e447a0a9dfbdc03ed2762f) Importer(815301076,1909f56bfc062723c751e8b465ee728b)
Start importing Assets/2D Character - Astronaut/Variant A/Animations/idle_down.anim using Guid(95deb947f6e447a0a9dfbdc03ed2762f) Importer(815301076,1909f56bfc062723c751e8b465ee728b)  -> (artifact id: 'e9bedd703875da22ba22a9e326a960ff') in 0.004615 seconds 
========================================================================
Received Prepare
Registering precompiled user dll's ...
Registered in 0.010064 seconds.
Begin MonoManager ReloadAssembly
Symbol file LoadedFromMemory doesn't match image C:\Users\Administrator\Desktop\Special Forces\Library\PackageCache\com.unity.visualscripting@1.7.8\Editor\VisualScripting.Core\Dependencies\YamlDotNet\Unity.VisualScripting.YamlDotNet.dll
Symbol file LoadedFromMemory doesn't match image C:\Users\Administrator\Desktop\Special Forces\Library\PackageCache\com.unity.visualscripting@1.7.8\Editor\VisualScripting.Core\Dependencies\DotNetZip\Unity.VisualScripting.IonicZip.dll
Native extension for WindowsStandalone target not found
Native extension for Android target not found
Refreshing native plugins compatible for Editor in 1.76 ms, found 4 plugins.
Preloading 0 native plugins for Editor in 0.00 ms.
Mono: successfully reloaded assembly
- Completed reload, in  1.297 seconds
Domain Reload Profiling:
	ReloadAssembly (1298ms)
		BeginReloadAssembly (152ms)
			ExecutionOrderSort (0ms)
			DisableScriptedObjects (7ms)
			BackupInstance (0ms)
			ReleaseScriptingObjects (0ms)
			CreateAndSetChildDomain (44ms)
		EndReloadAssembly (1027ms)
			LoadAssemblies (111ms)
			RebuildTransferFunctionScriptingTraits (0ms)
			SetupTypeCache (317ms)
			ReleaseScriptCaches (1ms)
			RebuildScriptCaches (65ms)
			SetupLoadedEditorAssemblies (454ms)
				LogAssemblyErrors (0ms)
				InitializePlatformSupportModulesInManaged (34ms)
				SetLoadedEditorAssemblies (1ms)
				RefreshPlugins (2ms)
				BeforeProcessingInitializeOnLoad (113ms)
				ProcessInitializeOnLoadAttributes (250ms)
				ProcessInitializeOnLoadMethodAttributes (43ms)
				AfterProcessingInitializeOnLoad (11ms)
				EditorAssembliesLoaded (0ms)
			ExecutionOrderSort2 (0ms)
			AwakeInstancesAfterBackupRestoration (13ms)
Platform modules already initialized, skipping
Refreshing native plugins compatible for Editor in 4.01 ms, found 4 plugins.
Preloading 0 native plugins for Editor in 0.00 ms.
Unloading 4032 Unused Serialized files (Serialized files now loaded: 0)
Unloading 25 unused Assets / (24.6 KB). Loaded Objects now: 4533.
Memory consumption went from 159.7 MB to 159.6 MB.
Total: 3.342500 ms (FindLiveObjects: 0.312100 ms CreateObjectMapping: 0.213300 ms MarkObjects: 2.788700 ms  DeleteObjects: 0.027500 ms)

AssetImportParameters requested are different than current active one (requested -> active):
  custom:video-decoder-ogg-theora: a1e56fd34408186e4bbccfd4996cb3dc -> 
  custom:container-muxer-webm: aa71ff27fc2769a1b78a27578f13a17b -> 
  custom:container-demuxer-webm: 4f35f7cbe854078d1ac9338744f61a02 -> 
  custom:video-encoder-webm-vp8: eb34c28f22e8b96e1ab97ce403110664 -> 
  custom:audio-encoder-webm-vorbis: bf7c407c2cedff20999df2af8eb42d56 -> 
  custom:framework-win-MediaFoundation: 216162199b28c13a410421893ffa2e32 -> 
  custom:container-demuxer-ogg: 62fdf1f143b41e24485cea50d1cbac27 -> 
  custom:video-decoder-webm-vp8: 9c59270c3fd7afecdb556c50c9e8de78 -> 
  custom:audio-decoder-ogg-vorbis: bf7c407c2cedff20999df2af8eb42d56 -> 
========================================================================
Received Import Request.
  Time since last request: 242.647394 seconds.
  path: Assets/Animation
  artifactKey: Guid(4af1d2d6a19cc0640aa18a256f5b8226) Importer(815301076,1909f56bfc062723c751e8b465ee728b)
Start importing Assets/Animation using Guid(4af1d2d6a19cc0640aa18a256f5b8226) Importer(815301076,1909f56bfc062723c751e8b465ee728b)  -> (artifact id: 'df942ee602789c53c9d2e82afb0b6095') in 0.015141 seconds 
========================================================================
Received Import Request.
  Time since last request: 15.707068 seconds.
  path: Assets/2D Character - Astronaut/Variant A/Prefabs
  artifactKey: Guid(812ba96a173e41c1b442eabccd85d35f) Importer(815301076,1909f56bfc062723c751e8b465ee728b)
Start importing Assets/2D Character - Astronaut/Variant A/Prefabs using Guid(812ba96a173e41c1b442eabccd85d35f) Importer(815301076,1909f56bfc062723c751e8b465ee728b)  -> (artifact id: '06a4cabdbdecd15aa809fc9fe62c4984') in 0.009213 seconds 
========================================================================
Received Import Request.
  Time since last request: 7.276027 seconds.
  path: Assets/2D Character - Astronaut/Variant A/Prefabs/Character/hammer_idle_down.prefab
  artifactKey: Guid(adb8a8476fa14e97b2e1857f01adf678) Importer(815301076,1909f56bfc062723c751e8b465ee728b)
Start importing Assets/2D Character - Astronaut/Variant A/Prefabs/Character/hammer_idle_down.prefab using Guid(adb8a8476fa14e97b2e1857f01adf678) Importer(815301076,1909f56bfc062723c751e8b465ee728b)  -> (artifact id: 'bbee0a8f1f9b03392f6d07b392db10c8') in 0.069487 seconds 
========================================================================
Received Import Request.
  Time since last request: 0.000037 seconds.
  path: Assets/2D Character - Astronaut/Variant A/Prefabs/Character/scythe_idle_up.prefab
  artifactKey: Guid(822c8560271f458da388fa51b01b413b) Importer(815301076,1909f56bfc062723c751e8b465ee728b)
Start importing Assets/2D Character - Astronaut/Variant A/Prefabs/Character/scythe_idle_up.prefab using Guid(822c8560271f458da388fa51b01b413b) Importer(815301076,1909f56bfc062723c751e8b465ee728b)  -> (artifact id: '584496b023ff3f8c38b490c7a24c33b3') in 0.018347 seconds 
========================================================================
Received Import Request.
  Time since last request: 0.000047 seconds.
  path: Assets/2D Character - Astronaut/Variant A/Prefabs/Character/sword_idle_side.prefab
  artifactKey: Guid(fe6573a3826c43879c128f123f5a9614) Importer(815301076,1909f56bfc062723c751e8b465ee728b)
Start importing Assets/2D Character - Astronaut/Variant A/Prefabs/Character/sword_idle_side.prefab using Guid(fe6573a3826c43879c128f123f5a9614) Importer(815301076,1909f56bfc062723c751e8b465ee728b)  -> (artifact id: '18432f48e0cee86458fa7949099fdf7a') in 0.052463 seconds 
========================================================================
Received Import Request.
  Time since last request: 0.000078 seconds.
  path: Assets/2D Character - Astronaut/Variant A/Prefabs/Character/scythe_idle_side.prefab
  artifactKey: Guid(49b171ae6c5b43de8be09b3621a44596) Importer(815301076,1909f56bfc062723c751e8b465ee728b)
Start importing Assets/2D Character - Astronaut/Variant A/Prefabs/Character/scythe_idle_side.prefab using Guid(49b171ae6c5b43de8be09b3621a44596) Importer(815301076,1909f56bfc062723c751e8b465ee728b)  -> (artifact id: '838c1d1068a93dada73dd5062038fccd') in 0.024455 seconds 
========================================================================
Received Import Request.
  Time since last request: 0.000057 seconds.
  path: Assets/2D Character - Astronaut/Variant A/Prefabs/Character/idle_up.prefab
  artifactKey: Guid(7a0e446aa89944b98f276de128c71685) Importer(815301076,1909f56bfc062723c751e8b465ee728b)
Start importing Assets/2D Character - Astronaut/Variant A/Prefabs/Character/idle_up.prefab using Guid(7a0e446aa89944b98f276de128c71685) Importer(815301076,1909f56bfc062723c751e8b465ee728b)  -> (artifact id: 'c305e327ec1704ae460e02549499aac9') in 0.031487 seconds 
========================================================================
Received Import Request.
  Time since last request: 0.000076 seconds.
  path: Assets/2D Character - Astronaut/Variant A/Prefabs/Character/hammer_idle_up.prefab
  artifactKey: Guid(2c39c5a44273481d96228c2c7170877a) Importer(815301076,1909f56bfc062723c751e8b465ee728b)
Start importing Assets/2D Character - Astronaut/Variant A/Prefabs/Character/hammer_idle_up.prefab using Guid(2c39c5a44273481d96228c2c7170877a) Importer(815301076,1909f56bfc062723c751e8b465ee728b)  -> (artifact id: '065676553c83dd2a7540ef19d39bcec6') in 0.020358 seconds 
========================================================================
Received Import Request.
  Time since last request: 14.654269 seconds.
  path: Assets/2D Character - Astronaut/Variant A/Prefabs/Character/bomb_hold_down.prefab
  artifactKey: Guid(565f5d97d0464129bec2037100f5b0a8) Importer(815301076,1909f56bfc062723c751e8b465ee728b)
Start importing Assets/2D Character - Astronaut/Variant A/Prefabs/Character/bomb_hold_down.prefab using Guid(565f5d97d0464129bec2037100f5b0a8) Importer(815301076,1909f56bfc062723c751e8b465ee728b)  -> (artifact id: '3af42e1fb014a7c1c221ef1efbc91b5e') in 0.035531 seconds 
========================================================================
Received Import Request.
  Time since last request: 0.000034 seconds.
  path: Assets/2D Character - Astronaut/Variant A/Prefabs/Character/bow_down.prefab
  artifactKey: Guid(3a63838f7d0941d4a3c9a0a190cc286f) Importer(815301076,1909f56bfc062723c751e8b465ee728b)
Start importing Assets/2D Character - Astronaut/Variant A/Prefabs/Character/bow_down.prefab using Guid(3a63838f7d0941d4a3c9a0a190cc286f) Importer(815301076,1909f56bfc062723c751e8b465ee728b)  -> (artifact id: '6e054a49a694d91eff83835a81822bd2') in 0.030452 seconds 
========================================================================
Received Import Request.
  Time since last request: 0.000053 seconds.
  path: Assets/2D Character - Astronaut/Variant A/Prefabs/Character/bomb_walk_up.prefab
  artifactKey: Guid(75e3c0162f9840debece9ea3be4ab270) Importer(815301076,1909f56bfc062723c751e8b465ee728b)
Start importing Assets/2D Character - Astronaut/Variant A/Prefabs/Character/bomb_walk_up.prefab using Guid(75e3c0162f9840debece9ea3be4ab270) Importer(815301076,1909f56bfc062723c751e8b465ee728b)  -> (artifact id: '1835a109b5d00a8b297bf34b2746dbc0') in 0.035302 seconds 
========================================================================
Received Import Request.
  Time since last request: 0.000027 seconds.
  path: Assets/2D Character - Astronaut/Variant A/Prefabs/Character/bomb_walk_down.prefab
  artifactKey: Guid(c57ba2e295d3499cbb668f6bfccc3cc3) Importer(815301076,1909f56bfc062723c751e8b465ee728b)
Start importing Assets/2D Character - Astronaut/Variant A/Prefabs/Character/bomb_walk_down.prefab using Guid(c57ba2e295d3499cbb668f6bfccc3cc3) Importer(815301076,1909f56bfc062723c751e8b465ee728b)  -> (artifact id: '94d8720c64722a9a6bbf319e9aa80f9e') in 0.037997 seconds 
========================================================================
Received Import Request.
  Time since last request: 0.369129 seconds.
  path: Assets/2D Character - Astronaut/Variant A/Prefabs/Character/crawl_down.prefab
  artifactKey: Guid(8992442d4cb347bba544eb5777e717d1) Importer(815301076,1909f56bfc062723c751e8b465ee728b)
Start importing Assets/2D Character - Astronaut/Variant A/Prefabs/Character/crawl_down.prefab using Guid(8992442d4cb347bba544eb5777e717d1) Importer(815301076,1909f56bfc062723c751e8b465ee728b)  -> (artifact id: '1722814fada2d445b20b0b961f8eff96') in 0.022933 seconds 
========================================================================
Received Import Request.
  Time since last request: 0.858405 seconds.
  path: Assets/2D Character - Astronaut/Variant A/Prefabs/Character/bow_walk_down.prefab
  artifactKey: Guid(12ff99b5176f48059335553773e06e7f) Importer(815301076,1909f56bfc062723c751e8b465ee728b)
Start importing Assets/2D Character - Astronaut/Variant A/Prefabs/Character/bow_walk_down.prefab using Guid(12ff99b5176f48059335553773e06e7f) Importer(815301076,1909f56bfc062723c751e8b465ee728b)  -> (artifact id: '34e4dc54c727bd3b89ba37230375c101') in 0.041294 seconds 
========================================================================
Received Import Request.
  Time since last request: 0.000062 seconds.
  path: Assets/2D Character - Astronaut/Variant A/Prefabs/Character/rifle_walk_down.prefab
  artifactKey: Guid(b297c4ee17b140fa904ab7b37aa2b866) Importer(815301076,1909f56bfc062723c751e8b465ee728b)
Start importing Assets/2D Character - Astronaut/Variant A/Prefabs/Character/rifle_walk_down.prefab using Guid(b297c4ee17b140fa904ab7b37aa2b866) Importer(815301076,1909f56bfc062723c751e8b465ee728b)  -> (artifact id: '2347f8d8e4eb8ce43f6b8c5dd57aaa63') in 0.037582 seconds 
========================================================================
Received Import Request.
  Time since last request: 0.000030 seconds.
  path: Assets/2D Character - Astronaut/Variant A/Prefabs/Character/walk_side.prefab
  artifactKey: Guid(b8ce4a6200b44dfaae185d7347ed4cc2) Importer(815301076,1909f56bfc062723c751e8b465ee728b)
Start importing Assets/2D Character - Astronaut/Variant A/Prefabs/Character/walk_side.prefab using Guid(b8ce4a6200b44dfaae185d7347ed4cc2) Importer(815301076,1909f56bfc062723c751e8b465ee728b)  -> (artifact id: '051bdf59fb3a4b0321c3bb7036fa8133') in 0.031554 seconds 
========================================================================
Received Import Request.
  Time since last request: 0.000033 seconds.
  path: Assets/2D Character - Astronaut/Variant A/Prefabs/Character/rifle_walk_up.prefab
  artifactKey: Guid(5af27cfeed664ab5bf5d45f09e8c83f9) Importer(815301076,1909f56bfc062723c751e8b465ee728b)
Start importing Assets/2D Character - Astronaut/Variant A/Prefabs/Character/rifle_walk_up.prefab using Guid(5af27cfeed664ab5bf5d45f09e8c83f9) Importer(815301076,1909f56bfc062723c751e8b465ee728b)  -> (artifact id: 'd0592d420dfd61c9a7958d5df68837a8') in 0.030552 seconds 
========================================================================
Received Import Request.
  Time since last request: 41.913967 seconds.
  path: Assets/Animation/walk_side.anim
  artifactKey: Guid(44ba34d2283b4fa7ad7701b6fb82826e) Importer(815301076,1909f56bfc062723c751e8b465ee728b)
Start importing Assets/Animation/walk_side.anim using Guid(44ba34d2283b4fa7ad7701b6fb82826e) Importer(815301076,1909f56bfc062723c751e8b465ee728b)  -> (artifact id: '08182f41cfc020186c05ad933b491f4b') in 0.002990 seconds 
========================================================================
Received Import Request.
  Time since last request: 15.366928 seconds.
  path: Assets/Animation/Idle.anim
  artifactKey: Guid(95deb947f6e447a0a9dfbdc03ed2762f) Importer(815301076,1909f56bfc062723c751e8b465ee728b)
Start importing Assets/Animation/Idle.anim using Guid(95deb947f6e447a0a9dfbdc03ed2762f) Importer(815301076,1909f56bfc062723c751e8b465ee728b)  -> (artifact id: '0654d1890b1b1bdaf6dd1c601d5d16d8') in 0.009140 seconds 
========================================================================
Received Import Request.
  Time since last request: 4.580207 seconds.
  path: Assets/Animation/Walk.anim
  artifactKey: Guid(44ba34d2283b4fa7ad7701b6fb82826e) Importer(815301076,1909f56bfc062723c751e8b465ee728b)
Start importing Assets/Animation/Walk.anim using Guid(44ba34d2283b4fa7ad7701b6fb82826e) Importer(815301076,1909f56bfc062723c751e8b465ee728b)  -> (artifact id: 'c497bd10c51ab34f9defabe252c5497e') in 0.009040 seconds 
========================================================================
Received Import Request.
  Time since last request: 6.667971 seconds.
  path: Assets/2D Character - Astronaut/Variant A/Sprites/Character/walk/side/01.png
  artifactKey: Guid(2738b72dc29a4866a034d5ff27542500) Importer(815301076,1909f56bfc062723c751e8b465ee728b)
Start importing Assets/2D Character - Astronaut/Variant A/Sprites/Character/walk/side/01.png using Guid(2738b72dc29a4866a034d5ff27542500) Importer(815301076,1909f56bfc062723c751e8b465ee728b)  -> (artifact id: '1d4dda7571e416c4bc44c7ac873ebd9c') in 0.049952 seconds 
========================================================================
Received Import Request.
  Time since last request: 0.000053 seconds.
  path: Assets/2D Character - Astronaut/Variant A/Sprites/Character/walk/side/11.png
  artifactKey: Guid(093bca451e6643838a79abf6702da231) Importer(815301076,1909f56bfc062723c751e8b465ee728b)
Start importing Assets/2D Character - Astronaut/Variant A/Sprites/Character/walk/side/11.png using Guid(093bca451e6643838a79abf6702da231) Importer(815301076,1909f56bfc062723c751e8b465ee728b)  -> (artifact id: '1fd86170c2787230182e846f0348e919') in 0.026634 seconds 
========================================================================
Received Import Request.
  Time since last request: 0.000073 seconds.
  path: Assets/2D Character - Astronaut/Variant A/Sprites/Character/walk/side/07.png
  artifactKey: Guid(5523b19d6a074b97b09bea1ed5323b93) Importer(815301076,1909f56bfc062723c751e8b465ee728b)
Start importing Assets/2D Character - Astronaut/Variant A/Sprites/Character/walk/side/07.png using Guid(5523b19d6a074b97b09bea1ed5323b93) Importer(815301076,1909f56bfc062723c751e8b465ee728b)  -> (artifact id: '833bf37590e28f627979f0451eed7686') in 0.024909 seconds 
========================================================================
Received Import Request.
  Time since last request: 0.000072 seconds.
  path: Assets/2D Character - Astronaut/Variant A/Sprites/Character/walk/side/06.png
  artifactKey: Guid(51fc168e8bb24216bb4a30aa9364c041) Importer(815301076,1909f56bfc062723c751e8b465ee728b)
Start importing Assets/2D Character - Astronaut/Variant A/Sprites/Character/walk/side/06.png using Guid(51fc168e8bb24216bb4a30aa9364c041) Importer(815301076,1909f56bfc062723c751e8b465ee728b)  -> (artifact id: 'f430a43e0a5c79fac9f1a405ccb25685') in 0.029129 seconds 
========================================================================
Received Import Request.
  Time since last request: 0.000028 seconds.
  path: Assets/2D Character - Astronaut/Variant A/Sprites/Character/walk/side/13.png
  artifactKey: Guid(8a3592263c504db68fcd3bebb63ad038) Importer(815301076,1909f56bfc062723c751e8b465ee728b)
Start importing Assets/2D Character - Astronaut/Variant A/Sprites/Character/walk/side/13.png using Guid(8a3592263c504db68fcd3bebb63ad038) Importer(815301076,1909f56bfc062723c751e8b465ee728b)  -> (artifact id: 'f907539bd5da7582ad01162e0924ac62') in 0.033101 seconds 
========================================================================
Received Import Request.
  Time since last request: 0.000035 seconds.
  path: Assets/2D Character - Astronaut/Variant A/Sprites/Character/walk/side/08.png
  artifactKey: Guid(ff6a3e0181c3405a963ec2be4e2b65e9) Importer(815301076,1909f56bfc062723c751e8b465ee728b)
Start importing Assets/2D Character - Astronaut/Variant A/Sprites/Character/walk/side/08.png using Guid(ff6a3e0181c3405a963ec2be4e2b65e9) Importer(815301076,1909f56bfc062723c751e8b465ee728b)  -> (artifact id: '7863b639a2656db2039beab630632aeb') in 0.027106 seconds 
========================================================================
Received Import Request.
  Time since last request: 0.000039 seconds.
  path: Assets/2D Character - Astronaut/Variant A/Sprites/Character/walk/side/10.png
  artifactKey: Guid(62033d594a7b455bbefddfe3ff9586fe) Importer(815301076,1909f56bfc062723c751e8b465ee728b)
Start importing Assets/2D Character - Astronaut/Variant A/Sprites/Character/walk/side/10.png using Guid(62033d594a7b455bbefddfe3ff9586fe) Importer(815301076,1909f56bfc062723c751e8b465ee728b)  -> (artifact id: 'f2339ebf13fa3681a0047581006d56c4') in 0.029692 seconds 
========================================================================
Received Prepare
Registering precompiled user dll's ...
Registered in 0.007520 seconds.
Begin MonoManager ReloadAssembly
Symbol file LoadedFromMemory doesn't match image C:\Users\Administrator\Desktop\Special Forces\Library\PackageCache\com.unity.visualscripting@1.7.8\Editor\VisualScripting.Core\Dependencies\YamlDotNet\Unity.VisualScripting.YamlDotNet.dll
Symbol file LoadedFromMemory doesn't match image C:\Users\Administrator\Desktop\Special Forces\Library\PackageCache\com.unity.visualscripting@1.7.8\Editor\VisualScripting.Core\Dependencies\DotNetZip\Unity.VisualScripting.IonicZip.dll
Native extension for WindowsStandalone target not found
Native extension for Android target not found
Refreshing native plugins compatible for Editor in 1.23 ms, found 4 plugins.
Preloading 0 native plugins for Editor in 0.00 ms.
Mono: successfully reloaded assembly
- Completed reload, in  1.363 seconds
Domain Reload Profiling:
	ReloadAssembly (1364ms)
		BeginReloadAssembly (169ms)
			ExecutionOrderSort (0ms)
			DisableScriptedObjects (7ms)
			BackupInstance (0ms)
			ReleaseScriptingObjects (0ms)
			CreateAndSetChildDomain (50ms)
		EndReloadAssembly (1071ms)
			LoadAssemblies (134ms)
			RebuildTransferFunctionScriptingTraits (0ms)
			SetupTypeCache (329ms)
			ReleaseScriptCaches (2ms)
			RebuildScriptCaches (68ms)
			SetupLoadedEditorAssemblies (480ms)
				LogAssemblyErrors (0ms)
				InitializePlatformSupportModulesInManaged (30ms)
				SetLoadedEditorAssemblies (1ms)
				RefreshPlugins (1ms)
				BeforeProcessingInitializeOnLoad (112ms)
				ProcessInitializeOnLoadAttributes (277ms)
				ProcessInitializeOnLoadMethodAttributes (50ms)
				AfterProcessingInitializeOnLoad (9ms)
				EditorAssembliesLoaded (0ms)
			ExecutionOrderSort2 (0ms)
			AwakeInstancesAfterBackupRestoration (13ms)
Platform modules already initialized, skipping
Refreshing native plugins compatible for Editor in 4.24 ms, found 4 plugins.
Preloading 0 native plugins for Editor in 0.00 ms.
Unloading 4032 Unused Serialized files (Serialized files now loaded: 0)
Unloading 25 unused Assets / (24.7 KB). Loaded Objects now: 4536.
Memory consumption went from 159.8 MB to 159.7 MB.
Total: 3.649300 ms (FindLiveObjects: 0.340000 ms CreateObjectMapping: 0.258700 ms MarkObjects: 3.017100 ms  DeleteObjects: 0.032600 ms)

AssetImportParameters requested are different than current active one (requested -> active):
  custom:video-decoder-ogg-theora: a1e56fd34408186e4bbccfd4996cb3dc -> 
  custom:container-muxer-webm: aa71ff27fc2769a1b78a27578f13a17b -> 
  custom:container-demuxer-webm: 4f35f7cbe854078d1ac9338744f61a02 -> 
  custom:video-encoder-webm-vp8: eb34c28f22e8b96e1ab97ce403110664 -> 
  custom:audio-encoder-webm-vorbis: bf7c407c2cedff20999df2af8eb42d56 -> 
  custom:framework-win-MediaFoundation: 216162199b28c13a410421893ffa2e32 -> 
  custom:container-demuxer-ogg: 62fdf1f143b41e24485cea50d1cbac27 -> 
  custom:video-decoder-webm-vp8: 9c59270c3fd7afecdb556c50c9e8de78 -> 
  custom:audio-decoder-ogg-vorbis: bf7c407c2cedff20999df2af8eb42d56 -> 
========================================================================
Received Prepare
Registering precompiled user dll's ...
Registered in 0.007534 seconds.
Begin MonoManager ReloadAssembly
Symbol file LoadedFromMemory doesn't match image C:\Users\Administrator\Desktop\Special Forces\Library\PackageCache\com.unity.visualscripting@1.7.8\Editor\VisualScripting.Core\Dependencies\YamlDotNet\Unity.VisualScripting.YamlDotNet.dll
Symbol file LoadedFromMemory doesn't match image C:\Users\Administrator\Desktop\Special Forces\Library\PackageCache\com.unity.visualscripting@1.7.8\Editor\VisualScripting.Core\Dependencies\DotNetZip\Unity.VisualScripting.IonicZip.dll
Native extension for WindowsStandalone target not found
Native extension for Android target not found
Refreshing native plugins compatible for Editor in 1.18 ms, found 4 plugins.
Preloading 0 native plugins for Editor in 0.00 ms.
Mono: successfully reloaded assembly
- Completed reload, in  1.266 seconds
Domain Reload Profiling:
	ReloadAssembly (1266ms)
		BeginReloadAssembly (168ms)
			ExecutionOrderSort (0ms)
			DisableScriptedObjects (7ms)
			BackupInstance (0ms)
			ReleaseScriptingObjects (0ms)
			CreateAndSetChildDomain (47ms)
		EndReloadAssembly (973ms)
			LoadAssemblies (132ms)
			RebuildTransferFunctionScriptingTraits (0ms)
			SetupTypeCache (295ms)
			ReleaseScriptCaches (2ms)
			RebuildScriptCaches (59ms)
			SetupLoadedEditorAssemblies (435ms)
				LogAssemblyErrors (0ms)
				InitializePlatformSupportModulesInManaged (24ms)
				SetLoadedEditorAssemblies (1ms)
				RefreshPlugins (1ms)
				BeforeProcessingInitializeOnLoad (102ms)
				ProcessInitializeOnLoadAttributes (246ms)
				ProcessInitializeOnLoadMethodAttributes (48ms)
				AfterProcessingInitializeOnLoad (12ms)
				EditorAssembliesLoaded (0ms)
			ExecutionOrderSort2 (0ms)
			AwakeInstancesAfterBackupRestoration (11ms)
Platform modules already initialized, skipping
Refreshing native plugins compatible for Editor in 2.73 ms, found 4 plugins.
Preloading 0 native plugins for Editor in 0.00 ms.
Unloading 4032 Unused Serialized files (Serialized files now loaded: 0)
Unloading 25 unused Assets / (24.7 KB). Loaded Objects now: 4539.
Memory consumption went from 159.8 MB to 159.7 MB.
Total: 3.883700 ms (FindLiveObjects: 0.346600 ms CreateObjectMapping: 0.230200 ms MarkObjects: 3.279000 ms  DeleteObjects: 0.027000 ms)

AssetImportParameters requested are different than current active one (requested -> active):
  custom:video-decoder-ogg-theora: a1e56fd34408186e4bbccfd4996cb3dc -> 
  custom:container-muxer-webm: aa71ff27fc2769a1b78a27578f13a17b -> 
  custom:container-demuxer-webm: 4f35f7cbe854078d1ac9338744f61a02 -> 
  custom:video-encoder-webm-vp8: eb34c28f22e8b96e1ab97ce403110664 -> 
  custom:audio-encoder-webm-vorbis: bf7c407c2cedff20999df2af8eb42d56 -> 
  custom:framework-win-MediaFoundation: 216162199b28c13a410421893ffa2e32 -> 
  custom:container-demuxer-ogg: 62fdf1f143b41e24485cea50d1cbac27 -> 
  custom:video-decoder-webm-vp8: 9c59270c3fd7afecdb556c50c9e8de78 -> 
  custom:audio-decoder-ogg-vorbis: bf7c407c2cedff20999df2af8eb42d56 -> 
