Using pre-set license
Built from '2021.3/staging' branch; Version is '2021.3.14f1 (eee1884e7226) revision 15655304'; Using compiler version '192829333'; Build Type 'Release'
OS: 'Windows 10  (10.0.19045) 64bit Education' Language: 'ko' Physical Memory: 16318 MB
BatchMode: 1, IsHumanControllingUs: 0, StartBugReporterOnCrash: 0, Is64bit: 1, IsPro: 1

COMMAND LINE ARGUMENTS:
C:\Program Files\Unity\Hub\Editor\2021.3.14f1\Editor\Unity.exe
-adb2
-batchMode
-noUpm
-name
AssetImportWorker1
-projectPath
C:/Users/Administrator/Desktop/Unity-4th-class/Special Forces
-logFile
Logs/AssetImportWorker1.log
-srvPort
54534
Successfully changed project path to: C:/Users/Administrator/Desktop/Unity-4th-class/Special Forces
C:/Users/Administrator/Desktop/Unity-4th-class/Special Forces
[UnityMemory] Configuration Parameters - Can be set up in boot.config
    "memorysetup-bucket-allocator-granularity=16"
    "memorysetup-bucket-allocator-bucket-count=8"
    "memorysetup-bucket-allocator-block-size=33554432"
    "memorysetup-bucket-allocator-block-count=8"
    "memorysetup-main-allocator-block-size=16777216"
    "memorysetup-thread-allocator-block-size=16777216"
    "memorysetup-gfx-main-allocator-block-size=16777216"
    "memorysetup-gfx-thread-allocator-block-size=16777216"
    "memorysetup-cache-allocator-block-size=4194304"
    "memorysetup-typetree-allocator-block-size=2097152"
    "memorysetup-profiler-bucket-allocator-granularity=16"
    "memorysetup-profiler-bucket-allocator-bucket-count=8"
    "memorysetup-profiler-bucket-allocator-block-size=33554432"
    "memorysetup-profiler-bucket-allocator-block-count=8"
    "memorysetup-profiler-allocator-block-size=16777216"
    "memorysetup-profiler-editor-allocator-block-size=1048576"
    "memorysetup-temp-allocator-size-main=16777216"
    "memorysetup-job-temp-allocator-block-size=2097152"
    "memorysetup-job-temp-allocator-block-size-background=1048576"
    "memorysetup-job-temp-allocator-reduction-small-platforms=262144"
    "memorysetup-temp-allocator-size-background-worker=32768"
    "memorysetup-temp-allocator-size-job-worker=262144"
    "memorysetup-temp-allocator-size-preload-manager=33554432"
    "memorysetup-temp-allocator-size-nav-mesh-worker=65536"
    "memorysetup-temp-allocator-size-audio-worker=65536"
    "memorysetup-temp-allocator-size-cloud-worker=32768"
    "memorysetup-temp-allocator-size-gi-baking-worker=262144"
    "memorysetup-temp-allocator-size-gfx=262144"
Refreshing native plugins compatible for Editor in 121.09 ms, found 4 plugins.
Preloading 0 native plugins for Editor in 0.00 ms.
Initialize engine version: 2021.3.14f1 (eee1884e7226)
[Subsystems] Discovering subsystems at path C:/Program Files/Unity/Hub/Editor/2021.3.14f1/Editor/Data/Resources/UnitySubsystems
[Subsystems] Discovering subsystems at path C:/Users/Administrator/Desktop/Unity-4th-class/Special Forces/Assets
GfxDevice: creating device client; threaded=0; jobified=0
Direct3D:
    Version:  Direct3D 11.0 [level 11.1]
    Renderer: NVIDIA GeForce GTX 1660 (ID=0x2184)
    Vendor:   NVIDIA
    VRAM:     5980 MB
    Driver:   31.0.15.3623
Initialize mono
Mono path[0] = 'C:/Program Files/Unity/Hub/Editor/2021.3.14f1/Editor/Data/Managed'
Mono path[1] = 'C:/Program Files/Unity/Hub/Editor/2021.3.14f1/Editor/Data/MonoBleedingEdge/lib/mono/unityjit-win32'
Mono config path = 'C:/Program Files/Unity/Hub/Editor/2021.3.14f1/Editor/Data/MonoBleedingEdge/etc'
Using monoOptions --debugger-agent=transport=dt_socket,embedding=1,server=y,suspend=n,address=127.0.0.1:56664
Begin MonoManager ReloadAssembly
Registering precompiled unity dll's ...
Register platform support module: C:/Program Files/Unity/Hub/Editor/2021.3.14f1/Editor/Data/PlaybackEngines/AndroidPlayer/UnityEditor.Android.Extensions.dll
Register platform support module: C:/Program Files/Unity/Hub/Editor/2021.3.14f1/Editor/Data/PlaybackEngines/WindowsStandaloneSupport/UnityEditor.WindowsStandalone.Extensions.dll
Registered in 0.010048 seconds.
Native extension for WindowsStandalone target not found
Native extension for Android target not found
Refreshing native plugins compatible for Editor in 105.53 ms, found 4 plugins.
Preloading 0 native plugins for Editor in 0.00 ms.
Mono: successfully reloaded assembly
- Completed reload, in  0.716 seconds
Domain Reload Profiling:
	ReloadAssembly (716ms)
		BeginReloadAssembly (81ms)
			ExecutionOrderSort (0ms)
			DisableScriptedObjects (0ms)
			BackupInstance (0ms)
			ReleaseScriptingObjects (0ms)
			CreateAndSetChildDomain (1ms)
		EndReloadAssembly (512ms)
			LoadAssemblies (79ms)
			RebuildTransferFunctionScriptingTraits (0ms)
			SetupTypeCache (106ms)
			ReleaseScriptCaches (0ms)
			RebuildScriptCaches (34ms)
			SetupLoadedEditorAssemblies (319ms)
				LogAssemblyErrors (0ms)
				InitializePlatformSupportModulesInManaged (66ms)
				SetLoadedEditorAssemblies (0ms)
				RefreshPlugins (106ms)
				BeforeProcessingInitializeOnLoad (1ms)
				ProcessInitializeOnLoadAttributes (100ms)
				ProcessInitializeOnLoadMethodAttributes (46ms)
				AfterProcessingInitializeOnLoad (0ms)
				EditorAssembliesLoaded (0ms)
			ExecutionOrderSort2 (0ms)
			AwakeInstancesAfterBackupRestoration (0ms)
Platform modules already initialized, skipping
Registering precompiled user dll's ...
Registered in 0.008607 seconds.
Begin MonoManager ReloadAssembly
Symbol file LoadedFromMemory doesn't match image C:\Users\Administrator\Desktop\Unity-4th-class\Special Forces\Library\PackageCache\com.unity.visualscripting@1.7.8\Editor\VisualScripting.Core\Dependencies\YamlDotNet\Unity.VisualScripting.YamlDotNet.dll
Symbol file LoadedFromMemory doesn't match image C:\Users\Administrator\Desktop\Unity-4th-class\Special Forces\Library\PackageCache\com.unity.visualscripting@1.7.8\Editor\VisualScripting.Core\Dependencies\DotNetZip\Unity.VisualScripting.IonicZip.dll
Native extension for WindowsStandalone target not found
Native extension for Android target not found
Refreshing native plugins compatible for Editor in 104.16 ms, found 4 plugins.
Preloading 0 native plugins for Editor in 0.00 ms.
Mono: successfully reloaded assembly
- Completed reload, in  1.383 seconds
Domain Reload Profiling:
	ReloadAssembly (1384ms)
		BeginReloadAssembly (236ms)
			ExecutionOrderSort (0ms)
			DisableScriptedObjects (6ms)
			BackupInstance (0ms)
			ReleaseScriptingObjects (0ms)
			CreateAndSetChildDomain (137ms)
		EndReloadAssembly (1017ms)
			LoadAssemblies (109ms)
			RebuildTransferFunctionScriptingTraits (0ms)
			SetupTypeCache (270ms)
			ReleaseScriptCaches (1ms)
			RebuildScriptCaches (64ms)
			SetupLoadedEditorAssemblies (526ms)
				LogAssemblyErrors (0ms)
				InitializePlatformSupportModulesInManaged (15ms)
				SetLoadedEditorAssemblies (0ms)
				RefreshPlugins (104ms)
				BeforeProcessingInitializeOnLoad (114ms)
				ProcessInitializeOnLoadAttributes (242ms)
				ProcessInitializeOnLoadMethodAttributes (41ms)
				AfterProcessingInitializeOnLoad (9ms)
				EditorAssembliesLoaded (0ms)
			ExecutionOrderSort2 (0ms)
			AwakeInstancesAfterBackupRestoration (7ms)
Platform modules already initialized, skipping
========================================================================
Worker process is ready to serve import requests
Launched and connected shader compiler UnityShaderCompiler.exe after 0.04 seconds
Refreshing native plugins compatible for Editor in 2.48 ms, found 4 plugins.
Preloading 0 native plugins for Editor in 0.00 ms.
Unloading 4046 Unused Serialized files (Serialized files now loaded: 0)
Unloading 38 unused Assets / (56.4 KB). Loaded Objects now: 4505.
Memory consumption went from 155.6 MB to 155.6 MB.
Total: 3.737200 ms (FindLiveObjects: 0.489000 ms CreateObjectMapping: 0.299000 ms MarkObjects: 2.863100 ms  DeleteObjects: 0.085100 ms)

AssetImportParameters requested are different than current active one (requested -> active):
  custom:video-decoder-ogg-theora: a1e56fd34408186e4bbccfd4996cb3dc -> 
  custom:container-muxer-webm: aa71ff27fc2769a1b78a27578f13a17b -> 
  custom:container-demuxer-webm: 4f35f7cbe854078d1ac9338744f61a02 -> 
  custom:video-encoder-webm-vp8: eb34c28f22e8b96e1ab97ce403110664 -> 
  custom:audio-encoder-webm-vorbis: bf7c407c2cedff20999df2af8eb42d56 -> 
  custom:framework-win-MediaFoundation: 216162199b28c13a410421893ffa2e32 -> 
  custom:container-demuxer-ogg: 62fdf1f143b41e24485cea50d1cbac27 -> 
  custom:video-decoder-webm-vp8: 9c59270c3fd7afecdb556c50c9e8de78 -> 
  custom:audio-decoder-ogg-vorbis: bf7c407c2cedff20999df2af8eb42d56 -> 
========================================================================
Received Import Request.
  Time since last request: 116025.474825 seconds.
  path: Assets/2D Character - Astronaut/Variant A/Sprites/Tilemap/Tilemap.png
  artifactKey: Guid(83af4c0dcd9f45e0b1bae337e1573b01) Importer(815301076,1909f56bfc062723c751e8b465ee728b)
Start importing Assets/2D Character - Astronaut/Variant A/Sprites/Tilemap/Tilemap.png using Guid(83af4c0dcd9f45e0b1bae337e1573b01) Importer(815301076,1909f56bfc062723c751e8b465ee728b)  -> (artifact id: '98fbe3d8c97ccf0a7d4f6f742303bd4b') in 0.380432 seconds 
========================================================================
Received Import Request.
  Time since last request: 178.539954 seconds.
  path: Assets/Cute-GUI-Pack-Lite/PNG/04_07_minigame_balloon/ingame_icon_balloon_blue.png
  artifactKey: Guid(bd92f6728a4a6214f83f5f5919eeb4fd) Importer(815301076,1909f56bfc062723c751e8b465ee728b)
Start importing Assets/Cute-GUI-Pack-Lite/PNG/04_07_minigame_balloon/ingame_icon_balloon_blue.png using Guid(bd92f6728a4a6214f83f5f5919eeb4fd) Importer(815301076,1909f56bfc062723c751e8b465ee728b)  -> (artifact id: '89bc99307b1513f11a987ec90ad7ec70') in 0.031511 seconds 
========================================================================
Received Import Request.
  Time since last request: 0.000027 seconds.
  path: Assets/Cute-GUI-Pack-Lite/PNG/04_07_minigame_balloon/ingame_obj_leaf_01.png
  artifactKey: Guid(cbc73a93fb2a1da4aaef2e9b087b54f4) Importer(815301076,1909f56bfc062723c751e8b465ee728b)
Start importing Assets/Cute-GUI-Pack-Lite/PNG/04_07_minigame_balloon/ingame_obj_leaf_01.png using Guid(cbc73a93fb2a1da4aaef2e9b087b54f4) Importer(815301076,1909f56bfc062723c751e8b465ee728b)  -> (artifact id: 'd0a60d6e9ba85fdfa5581e96f7cf49c5') in 0.042854 seconds 
========================================================================
Received Import Request.
  Time since last request: 0.000041 seconds.
  path: Assets/Cute-GUI-Pack-Lite/PNG/04_07_minigame_balloon/ingame_obj_tree_02.png
  artifactKey: Guid(15bc6977e70ee8e4fa51eaab8c509627) Importer(815301076,1909f56bfc062723c751e8b465ee728b)
Start importing Assets/Cute-GUI-Pack-Lite/PNG/04_07_minigame_balloon/ingame_obj_tree_02.png using Guid(15bc6977e70ee8e4fa51eaab8c509627) Importer(815301076,1909f56bfc062723c751e8b465ee728b)  -> (artifact id: '5143fd32f8dc209d778b2c582a1d831f') in 0.049296 seconds 
========================================================================
Received Import Request.
  Time since last request: 0.000025 seconds.
  path: Assets/Cute-GUI-Pack-Lite/PNG/04_07_minigame_balloon/ingame_obj_hill_04.png
  artifactKey: Guid(38a82c985b84c354f8302a306b285bf9) Importer(815301076,1909f56bfc062723c751e8b465ee728b)
Start importing Assets/Cute-GUI-Pack-Lite/PNG/04_07_minigame_balloon/ingame_obj_hill_04.png using Guid(38a82c985b84c354f8302a306b285bf9) Importer(815301076,1909f56bfc062723c751e8b465ee728b)  -> (artifact id: '90c8672ddfbd7dd5b75c2aedd107db29') in 0.051751 seconds 
========================================================================
Received Import Request.
  Time since last request: 0.000027 seconds.
  path: Assets/Cute-GUI-Pack-Lite/PNG/04_07_minigame_balloon/ingame_obj_tree_01.png
  artifactKey: Guid(ccc27067a8044bc4a8db9da60045514b) Importer(815301076,1909f56bfc062723c751e8b465ee728b)
Start importing Assets/Cute-GUI-Pack-Lite/PNG/04_07_minigame_balloon/ingame_obj_tree_01.png using Guid(ccc27067a8044bc4a8db9da60045514b) Importer(815301076,1909f56bfc062723c751e8b465ee728b)  -> (artifact id: '936fcc309627047e99e65c58af522a7e') in 0.057123 seconds 
========================================================================
Received Import Request.
  Time since last request: 0.000058 seconds.
  path: Assets/Cute-GUI-Pack-Lite/PNG/04_07_minigame_balloon/ingame_obj_hill_03.png
  artifactKey: Guid(757bf804b29a8554aa19532f1c1739d5) Importer(815301076,1909f56bfc062723c751e8b465ee728b)
Start importing Assets/Cute-GUI-Pack-Lite/PNG/04_07_minigame_balloon/ingame_obj_hill_03.png using Guid(757bf804b29a8554aa19532f1c1739d5) Importer(815301076,1909f56bfc062723c751e8b465ee728b)  -> (artifact id: '527e7349ceccacf4f2a19144e89df99d') in 0.052956 seconds 
========================================================================
Received Import Request.
  Time since last request: 0.000025 seconds.
  path: Assets/Cute-GUI-Pack-Lite/PNG/04_07_minigame_balloon/ingame_icon_balloon_boom.png
  artifactKey: Guid(18dcda62d9d23cf44b9bbeb951dca54c) Importer(815301076,1909f56bfc062723c751e8b465ee728b)
Start importing Assets/Cute-GUI-Pack-Lite/PNG/04_07_minigame_balloon/ingame_icon_balloon_boom.png using Guid(18dcda62d9d23cf44b9bbeb951dca54c) Importer(815301076,1909f56bfc062723c751e8b465ee728b)  -> (artifact id: 'e17648cf9123403457cdc7a1503934ae') in 0.025062 seconds 
========================================================================
Received Import Request.
  Time since last request: 0.000031 seconds.
  path: Assets/Cute-GUI-Pack-Lite/PNG/04_07_minigame_balloon/ingame_obj_tree_04.png
  artifactKey: Guid(838f13e453bf18645abcf57bb2301793) Importer(815301076,1909f56bfc062723c751e8b465ee728b)
Start importing Assets/Cute-GUI-Pack-Lite/PNG/04_07_minigame_balloon/ingame_obj_tree_04.png using Guid(838f13e453bf18645abcf57bb2301793) Importer(815301076,1909f56bfc062723c751e8b465ee728b)  -> (artifact id: '9f80c6c204eed546dfb98d1721047d66') in 0.073654 seconds 
========================================================================
Received Import Request.
  Time since last request: 3.154978 seconds.
  path: Assets/Cute-GUI-Pack-Lite/PNG/18_roulette/02/roulette_page.png
  artifactKey: Guid(3f5c695de80ccad4984738497607b0f0) Importer(815301076,1909f56bfc062723c751e8b465ee728b)
Start importing Assets/Cute-GUI-Pack-Lite/PNG/18_roulette/02/roulette_page.png using Guid(3f5c695de80ccad4984738497607b0f0) Importer(815301076,1909f56bfc062723c751e8b465ee728b)  -> (artifact id: 'fd08386747cf09a0f871285ec5b8eefc') in 0.112156 seconds 
========================================================================
Received Import Request.
  Time since last request: 0.000029 seconds.
  path: Assets/Cute-GUI-Pack-Lite/PNG/18_roulette/02/shop_inventory_icon_03.png
  artifactKey: Guid(49dcc7a6d18bffa48ab08011675d3f72) Importer(815301076,1909f56bfc062723c751e8b465ee728b)
Start importing Assets/Cute-GUI-Pack-Lite/PNG/18_roulette/02/shop_inventory_icon_03.png using Guid(49dcc7a6d18bffa48ab08011675d3f72) Importer(815301076,1909f56bfc062723c751e8b465ee728b)  -> (artifact id: 'bddb3a67678dfe3d0b076cf98fc88866') in 0.025172 seconds 
========================================================================
Received Import Request.
  Time since last request: 2.080761 seconds.
  path: Assets/Cute-GUI-Pack-Lite/PNG/18_roulette/01/bg_01.png
  artifactKey: Guid(f71fc48f9417e214b9b12b50ed0bbf0f) Importer(815301076,1909f56bfc062723c751e8b465ee728b)
Start importing Assets/Cute-GUI-Pack-Lite/PNG/18_roulette/01/bg_01.png using Guid(f71fc48f9417e214b9b12b50ed0bbf0f) Importer(815301076,1909f56bfc062723c751e8b465ee728b)  -> (artifact id: '8966b90edaf7b3c7e6861e8198e68ed0') in 0.031476 seconds 
========================================================================
Received Import Request.
  Time since last request: 0.000059 seconds.
  path: Assets/Cute-GUI-Pack-Lite/PNG/18_roulette/01/bg_02.png
  artifactKey: Guid(3dc0b757d3cc0354f8119c36abb6d087) Importer(815301076,1909f56bfc062723c751e8b465ee728b)
Start importing Assets/Cute-GUI-Pack-Lite/PNG/18_roulette/01/bg_02.png using Guid(3dc0b757d3cc0354f8119c36abb6d087) Importer(815301076,1909f56bfc062723c751e8b465ee728b)  -> (artifact id: '2f24bf59a96e89c5390e543d33485bc9') in 0.021462 seconds 
========================================================================
Received Import Request.
  Time since last request: 0.000035 seconds.
  path: Assets/Cute-GUI-Pack-Lite/PNG/18_roulette/01/Gacha_top_glass_bg.png
  artifactKey: Guid(20c6783eca4255949838dbe9c9a8f193) Importer(815301076,1909f56bfc062723c751e8b465ee728b)
Start importing Assets/Cute-GUI-Pack-Lite/PNG/18_roulette/01/Gacha_top_glass_bg.png using Guid(20c6783eca4255949838dbe9c9a8f193) Importer(815301076,1909f56bfc062723c751e8b465ee728b)  -> (artifact id: '18526b19b4699225238d3dc57a2dfe67') in 0.026719 seconds 
========================================================================
Received Import Request.
  Time since last request: 0.000021 seconds.
  path: Assets/Cute-GUI-Pack-Lite/PNG/18_roulette/01/Gacha_bg.png
  artifactKey: Guid(8cb939d75027c5045a631f79d8fa2501) Importer(815301076,1909f56bfc062723c751e8b465ee728b)
Start importing Assets/Cute-GUI-Pack-Lite/PNG/18_roulette/01/Gacha_bg.png using Guid(8cb939d75027c5045a631f79d8fa2501) Importer(815301076,1909f56bfc062723c751e8b465ee728b)  -> (artifact id: 'e27c4e97a7be83e872a9d3112f7f172b') in 0.027698 seconds 
========================================================================
Received Import Request.
  Time since last request: 0.000031 seconds.
  path: Assets/Cute-GUI-Pack-Lite/PNG/18_roulette/01/close.png
  artifactKey: Guid(1013008592ce6a74582948d1b9be6e92) Importer(815301076,1909f56bfc062723c751e8b465ee728b)
Start importing Assets/Cute-GUI-Pack-Lite/PNG/18_roulette/01/close.png using Guid(1013008592ce6a74582948d1b9be6e92) Importer(815301076,1909f56bfc062723c751e8b465ee728b)  -> (artifact id: '929254ffdfa5d5058c0aba0b4d8cfcfa') in 0.025039 seconds 
========================================================================
Received Import Request.
  Time since last request: 0.000033 seconds.
  path: Assets/Cute-GUI-Pack-Lite/PNG/18_roulette/01/gacha_button_bg.png
  artifactKey: Guid(bf5c2e5f3219089469172a59b4bf8e42) Importer(815301076,1909f56bfc062723c751e8b465ee728b)
Start importing Assets/Cute-GUI-Pack-Lite/PNG/18_roulette/01/gacha_button_bg.png using Guid(bf5c2e5f3219089469172a59b4bf8e42) Importer(815301076,1909f56bfc062723c751e8b465ee728b)  -> (artifact id: '5ed2e7ee630c9ae2943ab62ecd4e535b') in 0.044109 seconds 
========================================================================
Received Import Request.
  Time since last request: 0.000024 seconds.
  path: Assets/Cute-GUI-Pack-Lite/PNG/18_roulette/01/ui_icon_play-1.png
  artifactKey: Guid(a0977d01aa5cd8149a0302e77dd889e0) Importer(815301076,1909f56bfc062723c751e8b465ee728b)
Start importing Assets/Cute-GUI-Pack-Lite/PNG/18_roulette/01/ui_icon_play-1.png using Guid(a0977d01aa5cd8149a0302e77dd889e0) Importer(815301076,1909f56bfc062723c751e8b465ee728b)  -> (artifact id: '19da0e7aa380807fee26167685419ac6') in 0.015964 seconds 
========================================================================
Received Import Request.
  Time since last request: 0.000056 seconds.
  path: Assets/Cute-GUI-Pack-Lite/PNG/18_roulette/01/ui_icon_play.png
  artifactKey: Guid(d620ef6329234424c9373799d6b4937c) Importer(815301076,1909f56bfc062723c751e8b465ee728b)
Start importing Assets/Cute-GUI-Pack-Lite/PNG/18_roulette/01/ui_icon_play.png using Guid(d620ef6329234424c9373799d6b4937c) Importer(815301076,1909f56bfc062723c751e8b465ee728b)  -> (artifact id: 'fc6ec0871cae1c403aa4cc10775c5609') in 0.016550 seconds 
========================================================================
Received Import Request.
  Time since last request: 0.000037 seconds.
  path: Assets/Cute-GUI-Pack-Lite/PNG/18_roulette/01/shop_inventory_object_01.png
  artifactKey: Guid(d034b8a7e7d0ca94eabb24dc5e529ee4) Importer(815301076,1909f56bfc062723c751e8b465ee728b)
Start importing Assets/Cute-GUI-Pack-Lite/PNG/18_roulette/01/shop_inventory_object_01.png using Guid(d034b8a7e7d0ca94eabb24dc5e529ee4) Importer(815301076,1909f56bfc062723c751e8b465ee728b)  -> (artifact id: '640bec79528dd5ea6f08abbd5cf473cf') in 0.035708 seconds 
========================================================================
Received Import Request.
  Time since last request: 5.529314 seconds.
  path: Assets/Cute-GUI-Pack-Lite/PNG/02_08_main_sell_ui/btn.png
  artifactKey: Guid(a1bfb7d5ad464dd4e814207390aaf4e3) Importer(815301076,1909f56bfc062723c751e8b465ee728b)
Start importing Assets/Cute-GUI-Pack-Lite/PNG/02_08_main_sell_ui/btn.png using Guid(a1bfb7d5ad464dd4e814207390aaf4e3) Importer(815301076,1909f56bfc062723c751e8b465ee728b)  -> (artifact id: 'd9c9d53572d38c9263b77570c468d6fe') in 0.023480 seconds 
========================================================================
Received Import Request.
  Time since last request: 0.000026 seconds.
  path: Assets/Cute-GUI-Pack-Lite/PNG/02_08_main_sell_ui/sell_ui_btn_icon_shoes.png
  artifactKey: Guid(9ed7f2d839fdd3a4c9943ddd91d76ec1) Importer(815301076,1909f56bfc062723c751e8b465ee728b)
Start importing Assets/Cute-GUI-Pack-Lite/PNG/02_08_main_sell_ui/sell_ui_btn_icon_shoes.png using Guid(9ed7f2d839fdd3a4c9943ddd91d76ec1) Importer(815301076,1909f56bfc062723c751e8b465ee728b)  -> (artifact id: 'b9231af2e6eb6d5c56595deb69003624') in 0.015743 seconds 
========================================================================
Received Import Request.
  Time since last request: 0.000030 seconds.
  path: Assets/Cute-GUI-Pack-Lite/PNG/02_08_main_sell_ui/ex_item.png
  artifactKey: Guid(f069afd1e86743f4a91dec81c5beb680) Importer(815301076,1909f56bfc062723c751e8b465ee728b)
Start importing Assets/Cute-GUI-Pack-Lite/PNG/02_08_main_sell_ui/ex_item.png using Guid(f069afd1e86743f4a91dec81c5beb680) Importer(815301076,1909f56bfc062723c751e8b465ee728b)  -> (artifact id: 'c96d3d4a62ec0bf120c860eef9de1c21') in 0.019092 seconds 
========================================================================
Received Import Request.
  Time since last request: 0.000048 seconds.
  path: Assets/Cute-GUI-Pack-Lite/PNG/02_08_main_sell_ui/sell_ui_btn_icon_pant.png
  artifactKey: Guid(5e28c79fcfeb0034d812a43d67e00851) Importer(815301076,1909f56bfc062723c751e8b465ee728b)
Start importing Assets/Cute-GUI-Pack-Lite/PNG/02_08_main_sell_ui/sell_ui_btn_icon_pant.png using Guid(5e28c79fcfeb0034d812a43d67e00851) Importer(815301076,1909f56bfc062723c751e8b465ee728b)  -> (artifact id: 'de3c64af8c75fa4eb6a4fc59a5d6873e') in 0.018349 seconds 
========================================================================
Received Import Request.
  Time since last request: 0.000044 seconds.
  path: Assets/Cute-GUI-Pack-Lite/PNG/02_08_main_sell_ui/sell_ui_btn_close.png
  artifactKey: Guid(31f9b3ba2afa3cc4b908dae35dec7a42) Importer(815301076,1909f56bfc062723c751e8b465ee728b)
Start importing Assets/Cute-GUI-Pack-Lite/PNG/02_08_main_sell_ui/sell_ui_btn_close.png using Guid(31f9b3ba2afa3cc4b908dae35dec7a42) Importer(815301076,1909f56bfc062723c751e8b465ee728b)  -> (artifact id: '87d4333d31a56d8b17e3f3056f19669c') in 0.031061 seconds 
Editor requested this worker to shutdown with reason: Scaling down because of idle timeout
AssetImportWorker is now disconnected from the server
Process exiting
Exiting without the bug reporter. Application will terminate with return code 0